#-----------------------------------------------------------
# Vivado v2020.2 (64-bit)
# SW Build 3064766 on Wed Nov 18 09:12:45 MST 2020
# IP Build 3064653 on Wed Nov 18 14:17:31 MST 2020
# Start of session at: Sun Oct 22 21:09:08 2023
# Process ID: 35268
# Current directory: Z:/schoolfiles/school_files/cpe333/lab3_basic_pipeline/basic_pipeline
# Command line: vivado.exe -gui_launcher_event rodinguilauncherevent9076 Z:\schoolfiles\school_files\cpe333\lab3_basic_pipeline\basic_pipeline\basic_pipeline.xpr
# Log file: Z:/schoolfiles/school_files/cpe333/lab3_basic_pipeline/basic_pipeline/vivado.log
# Journal file: Z:/schoolfiles/school_files/cpe333/lab3_basic_pipeline/basic_pipeline\vivado.jou
#-----------------------------------------------------------
start_gui
open_project Z:/schoolfiles/school_files/cpe333/lab3_basic_pipeline/basic_pipeline/basic_pipeline.xpr
INFO: [Project 1-313] Project file moved from '/media/danny/exSSD/schoolfiles/school_files/cpe333/lab3_basic_pipeline/basic_pipeline' since last save.
CRITICAL WARNING: [Project 1-505] Unrecognized Option Name SimulatorVersionXsim
CRITICAL WARNING: [Project 1-505] Unrecognized Option Name SimulatorVersionModelSim
CRITICAL WARNING: [Project 1-505] Unrecognized Option Name SimulatorVersionQuesta
CRITICAL WARNING: [Project 1-505] Unrecognized Option Name SimulatorVersionXcelium
CRITICAL WARNING: [Project 1-505] Unrecognized Option Name SimulatorVersionVCS
CRITICAL WARNING: [Project 1-505] Unrecognized Option Name SimulatorVersionRiviera
CRITICAL WARNING: [Project 1-505] Unrecognized Option Name SimulatorVersionActiveHdl
CRITICAL WARNING: [Project 1-505] Unrecognized Option Name SimulatorGccVersionXsim
CRITICAL WARNING: [Project 1-505] Unrecognized Option Name SimulatorGccVersionModelSim
CRITICAL WARNING: [Project 1-505] Unrecognized Option Name SimulatorGccVersionQuesta
CRITICAL WARNING: [Project 1-505] Unrecognized Option Name SimulatorGccVersionXcelium
CRITICAL WARNING: [Project 1-505] Unrecognized Option Name SimulatorGccVersionVCS
CRITICAL WARNING: [Project 1-505] Unrecognized Option Name SimulatorGccVersionRiviera
CRITICAL WARNING: [Project 1-505] Unrecognized Option Name SimulatorGccVersionActiveHdl
WARNING: [filemgmt 56-2] Default IP Output Path : Could not find the directory 'Z:/schoolfiles/school_files/cpe333/lab3_basic_pipeline/basic_pipeline/basic_pipeline.gen/sources_1', nor could it be found using path 'Z:/media/danny/exSSD/schoolfiles/school_files/cpe333/lab3_basic_pipeline/basic_pipeline/basic_pipeline.gen/sources_1'.
CRITICAL WARNING: [Project 1-505] Unrecognized Option Name EnableResourceEstimation
CRITICAL WARNING: [Project 1-505] Unrecognized Option Name SimCompileState
CRITICAL WARNING: [Project 1-505] Unrecognized Option Name ClassicSocBoot
CRITICAL WARNING: [Project 1-505] Unrecognized Option Name LocalIPRepoLeafDirName
Scanning sources...
Finished scanning sources
WARNING: [Project 1-231] Project 'basic_pipeline.xpr' was created with a future version and may or may not perform reliably with this version of Vivado. It has been opened in read-only mode for the protection of unrecognized data. Use 'File | Save Project As...' if you wish to alter a copy of the project.
INFO: [IP_Flow 19-234] Refreshing IP repositories
INFO: [IP_Flow 19-1704] No user IP repositories specified
INFO: [IP_Flow 19-2313] Loaded Vivado IP repository 'C:/Xilinx/Vivado/2020.2/data/ip'.
exit
INFO: [Common 17-206] Exiting Vivado at Sun Oct 22 21:10:12 2023...
