#-----------------------------------------------------------
# Vivado v2020.2 (64-bit)
# SW Build 3064766 on Wed Nov 18 09:12:45 MST 2020
# IP Build 3064653 on Wed Nov 18 14:17:31 MST 2020
# Start of session at: Wed Oct  4 21:15:29 2023
# Process ID: 17848
# Current directory: Z:/schoolfiles/school_files/cpe333/Lab0_1_performance/lab0_1
# Command line: vivado.exe -gui_launcher_event rodinguilauncherevent7036 Z:\schoolfiles\school_files\cpe333\Lab0_1_performance\lab0_1\lab0_1.xpr
# Log file: Z:/schoolfiles/school_files/cpe333/Lab0_1_performance/lab0_1/vivado.log
# Journal file: Z:/schoolfiles/school_files/cpe333/Lab0_1_performance/lab0_1\vivado.jou
#-----------------------------------------------------------
start_gui
open_project Z:/schoolfiles/school_files/cpe333/Lab0_1_performance/lab0_1/lab0_1.xpr
WARNING: [filemgmt 56-3] Default IP Output Path : Could not find the directory 'Z:/schoolfiles/school_files/cpe333/Lab0_1_performance/lab0_1/lab0_1.gen/sources_1'.
Scanning sources...
Finished scanning sources
INFO: [IP_Flow 19-234] Refreshing IP repositories
INFO: [IP_Flow 19-1704] No user IP repositories specified
INFO: [IP_Flow 19-2313] Loaded Vivado IP repository 'C:/Xilinx/Vivado/2020.2/data/ip'.
update_compile_order -fileset sources_1
launch_simulation
Command: launch_simulation 
INFO: [Vivado 12-5682] Launching behavioral simulation in 'Z:/schoolfiles/school_files/cpe333/Lab0_1_performance/lab0_1/lab0_1.sim/sim_1/behav/xsim'
INFO: [SIM-utils-51] Simulation object is 'sim_1'
INFO: [SIM-utils-54] Inspecting design source files for 'OTTERSim' in fileset 'sim_1'...
INFO: [SIM-utils-43] Exported 'Z:/schoolfiles/school_files/cpe333/Lab0_1_performance/lab0_1/lab0_1.sim/sim_1/behav/xsim/otter_memory.mem'
INFO: [USF-XSim-97] Finding global include files...
INFO: [USF-XSim-98] Fetching design files from 'sim_1'...
INFO: [USF-XSim-2] XSim::Compile design
INFO: [USF-XSim-61] Executing 'COMPILE and ANALYZE' step in 'Z:/schoolfiles/school_files/cpe333/Lab0_1_performance/lab0_1/lab0_1.sim/sim_1/behav/xsim'
"xvlog --incr --relax -L uvm -prj OTTERSim_vlog.prj"
INFO: [USF-XSim-69] 'compile' step finished in '1' seconds
INFO: [USF-XSim-3] XSim::Elaborate design
INFO: [USF-XSim-61] Executing 'ELABORATE' step in 'Z:/schoolfiles/school_files/cpe333/Lab0_1_performance/lab0_1/lab0_1.sim/sim_1/behav/xsim'
"xelab -wto ef0cc77942ca4ab884980f8f1c343e5e --incr --debug typical --relax --mt 2 -L xil_defaultlib -L uvm -L unisims_ver -L unimacro_ver -L secureip --snapshot OTTERSim_behav xil_defaultlib.OTTERSim xil_defaultlib.glbl -log elaborate.log"
Vivado Simulator 2020.2
Copyright 1986-1999, 2001-2020 Xilinx, Inc. All Rights Reserved.
Running: C:/Xilinx/Vivado/2020.2/bin/unwrapped/win64.o/xelab.exe -wto ef0cc77942ca4ab884980f8f1c343e5e --incr --debug typical --relax --mt 2 -L xil_defaultlib -L uvm -L unisims_ver -L unimacro_ver -L secureip --snapshot OTTERSim_behav xil_defaultlib.OTTERSim xil_defaultlib.glbl -log elaborate.log 
Using 2 slave threads.
Starting static elaboration
Pass Through NonSizing Optimizer
Completed static elaboration
INFO: [XSIM 43-4323] No Change in HDL. Linking previously generated obj files to create kernel
INFO: [USF-XSim-69] 'elaborate' step finished in '1' seconds
INFO: [USF-XSim-4] XSim::Simulate design
INFO: [USF-XSim-61] Executing 'SIMULATE' step in 'Z:/schoolfiles/school_files/cpe333/Lab0_1_performance/lab0_1/lab0_1.sim/sim_1/behav/xsim'
INFO: [USF-XSim-98] *** Running xsim
   with args "OTTERSim_behav -key {Behavioral:sim_1:Functional:OTTERSim} -tclbatch {OTTERSim.tcl} -view {Z:/schoolfiles/school_files/cpe333/Lab0_1_performance/lab0_1/OTTERSim_behav.wcfg} -log {simulate.log}"
INFO: [USF-XSim-8] Loading simulator feature
Vivado Simulator 2020.2
Time resolution is 1 ps
open_wave_config Z:/schoolfiles/school_files/cpe333/Lab0_1_performance/lab0_1/OTTERSim_behav.wcfg
source OTTERSim.tcl
# set curr_wave [current_wave_config]
# if { [string length $curr_wave] == 0 } {
#   if { [llength [get_objects]] > 0} {
#     add_wave /
#     set_property needs_save false [current_wave_config]
#   } else {
#      send_msg_id Add_Wave-1 WARNING "No top level signals found. Simulator will start without a wave window. If you want to open a wave window go to 'File->New Waveform Configuration' or type 'create_wave_config' in the TCL console."
#   }
# }
# run 1000ns
INFO: [USF-XSim-96] XSim completed. Design snapshot 'OTTERSim_behav' loaded.
INFO: [USF-XSim-97] XSim simulation ran for 1000ns
launch_simulation: Time (s): cpu = 00:00:02 ; elapsed = 00:00:05 . Memory (MB): peak = 1004.523 ; gain = 0.000
relaunch_sim
Command: launch_simulation -simset sim_1 -mode behavioral
INFO: [Vivado 12-5682] Launching behavioral simulation in 'Z:/schoolfiles/school_files/cpe333/Lab0_1_performance/lab0_1/lab0_1.sim/sim_1/behav/xsim'
INFO: [SIM-utils-51] Simulation object is 'sim_1'
INFO: [SIM-utils-54] Inspecting design source files for 'OTTERSim' in fileset 'sim_1'...
INFO: [SIM-utils-43] Exported 'Z:/schoolfiles/school_files/cpe333/Lab0_1_performance/lab0_1/lab0_1.sim/sim_1/behav/xsim/otter_memory.mem'
INFO: [USF-XSim-97] Finding global include files...
INFO: [USF-XSim-98] Fetching design files from 'sim_1'...
INFO: [USF-XSim-2] XSim::Compile design
INFO: [USF-XSim-61] Executing 'COMPILE and ANALYZE' step in 'Z:/schoolfiles/school_files/cpe333/Lab0_1_performance/lab0_1/lab0_1.sim/sim_1/behav/xsim'
"xvlog --incr --relax -L uvm -prj OTTERSim_vlog.prj"
INFO: [USF-XSim-69] 'compile' step finished in '1' seconds
Command: launch_simulation -simset sim_1 -mode behavioral
INFO: [Vivado 12-5682] Launching behavioral simulation in 'Z:/schoolfiles/school_files/cpe333/Lab0_1_performance/lab0_1/lab0_1.sim/sim_1/behav/xsim'
INFO: [USF-XSim-3] XSim::Elaborate design
INFO: [USF-XSim-61] Executing 'ELABORATE' step in 'Z:/schoolfiles/school_files/cpe333/Lab0_1_performance/lab0_1/lab0_1.sim/sim_1/behav/xsim'
"xelab -wto ef0cc77942ca4ab884980f8f1c343e5e --incr --debug typical --relax --mt 2 -L xil_defaultlib -L uvm -L unisims_ver -L unimacro_ver -L secureip --snapshot OTTERSim_behav xil_defaultlib.OTTERSim xil_defaultlib.glbl -log elaborate.log"
Vivado Simulator 2020.2
Copyright 1986-1999, 2001-2020 Xilinx, Inc. All Rights Reserved.
Running: C:/Xilinx/Vivado/2020.2/bin/unwrapped/win64.o/xelab.exe -wto ef0cc77942ca4ab884980f8f1c343e5e --incr --debug typical --relax --mt 2 -L xil_defaultlib -L uvm -L unisims_ver -L unimacro_ver -L secureip --snapshot OTTERSim_behav xil_defaultlib.OTTERSim xil_defaultlib.glbl -log elaborate.log 
Using 2 slave threads.
Starting static elaboration
Pass Through NonSizing Optimizer
Completed static elaboration
INFO: [XSIM 43-4323] No Change in HDL. Linking previously generated obj files to create kernel
INFO: [USF-XSim-69] 'elaborate' step finished in '1' seconds
Vivado Simulator 2020.2
Time resolution is 1 ps
relaunch_sim: Time (s): cpu = 00:00:01 ; elapsed = 00:00:07 . Memory (MB): peak = 1004.523 ; gain = 0.000
relaunch_sim
Command: launch_simulation -simset sim_1 -mode behavioral
INFO: [Vivado 12-5682] Launching behavioral simulation in 'Z:/schoolfiles/school_files/cpe333/Lab0_1_performance/lab0_1/lab0_1.sim/sim_1/behav/xsim'
INFO: [SIM-utils-51] Simulation object is 'sim_1'
INFO: [SIM-utils-54] Inspecting design source files for 'OTTERSim' in fileset 'sim_1'...
INFO: [SIM-utils-43] Exported 'Z:/schoolfiles/school_files/cpe333/Lab0_1_performance/lab0_1/lab0_1.sim/sim_1/behav/xsim/otter_memory.mem'
INFO: [USF-XSim-97] Finding global include files...
INFO: [USF-XSim-98] Fetching design files from 'sim_1'...
INFO: [USF-XSim-2] XSim::Compile design
INFO: [USF-XSim-61] Executing 'COMPILE and ANALYZE' step in 'Z:/schoolfiles/school_files/cpe333/Lab0_1_performance/lab0_1/lab0_1.sim/sim_1/behav/xsim'
"xvlog --incr --relax -L uvm -prj OTTERSim_vlog.prj"
INFO: [USF-XSim-69] 'compile' step finished in '1' seconds
Command: launch_simulation -simset sim_1 -mode behavioral
INFO: [Vivado 12-5682] Launching behavioral simulation in 'Z:/schoolfiles/school_files/cpe333/Lab0_1_performance/lab0_1/lab0_1.sim/sim_1/behav/xsim'
INFO: [USF-XSim-3] XSim::Elaborate design
INFO: [USF-XSim-61] Executing 'ELABORATE' step in 'Z:/schoolfiles/school_files/cpe333/Lab0_1_performance/lab0_1/lab0_1.sim/sim_1/behav/xsim'
"xelab -wto ef0cc77942ca4ab884980f8f1c343e5e --incr --debug typical --relax --mt 2 -L xil_defaultlib -L uvm -L unisims_ver -L unimacro_ver -L secureip --snapshot OTTERSim_behav xil_defaultlib.OTTERSim xil_defaultlib.glbl -log elaborate.log"
Vivado Simulator 2020.2
Copyright 1986-1999, 2001-2020 Xilinx, Inc. All Rights Reserved.
Running: C:/Xilinx/Vivado/2020.2/bin/unwrapped/win64.o/xelab.exe -wto ef0cc77942ca4ab884980f8f1c343e5e --incr --debug typical --relax --mt 2 -L xil_defaultlib -L uvm -L unisims_ver -L unimacro_ver -L secureip --snapshot OTTERSim_behav xil_defaultlib.OTTERSim xil_defaultlib.glbl -log elaborate.log 
Using 2 slave threads.
Starting static elaboration
Pass Through NonSizing Optimizer
Completed static elaboration
INFO: [XSIM 43-4323] No Change in HDL. Linking previously generated obj files to create kernel
INFO: [USF-XSim-69] 'elaborate' step finished in '1' seconds
Vivado Simulator 2020.2
Time resolution is 1 ps
relaunch_sim: Time (s): cpu = 00:00:01 ; elapsed = 00:00:05 . Memory (MB): peak = 1004.523 ; gain = 0.000
run all
run: Time (s): cpu = 00:00:08 ; elapsed = 00:00:08 . Memory (MB): peak = 1004.523 ; gain = 0.000
relaunch_sim
Command: launch_simulation -simset sim_1 -mode behavioral
INFO: [Vivado 12-5682] Launching behavioral simulation in 'Z:/schoolfiles/school_files/cpe333/Lab0_1_performance/lab0_1/lab0_1.sim/sim_1/behav/xsim'
INFO: [SIM-utils-51] Simulation object is 'sim_1'
INFO: [SIM-utils-54] Inspecting design source files for 'OTTERSim' in fileset 'sim_1'...
INFO: [SIM-utils-43] Exported 'Z:/schoolfiles/school_files/cpe333/Lab0_1_performance/lab0_1/lab0_1.sim/sim_1/behav/xsim/otter_memory.mem'
INFO: [USF-XSim-97] Finding global include files...
INFO: [USF-XSim-98] Fetching design files from 'sim_1'...
INFO: [USF-XSim-2] XSim::Compile design
INFO: [USF-XSim-61] Executing 'COMPILE and ANALYZE' step in 'Z:/schoolfiles/school_files/cpe333/Lab0_1_performance/lab0_1/lab0_1.sim/sim_1/behav/xsim'
"xvlog --incr --relax -L uvm -prj OTTERSim_vlog.prj"
INFO: [USF-XSim-69] 'compile' step finished in '1' seconds
Command: launch_simulation -simset sim_1 -mode behavioral
INFO: [Vivado 12-5682] Launching behavioral simulation in 'Z:/schoolfiles/school_files/cpe333/Lab0_1_performance/lab0_1/lab0_1.sim/sim_1/behav/xsim'
INFO: [USF-XSim-3] XSim::Elaborate design
INFO: [USF-XSim-61] Executing 'ELABORATE' step in 'Z:/schoolfiles/school_files/cpe333/Lab0_1_performance/lab0_1/lab0_1.sim/sim_1/behav/xsim'
"xelab -wto ef0cc77942ca4ab884980f8f1c343e5e --incr --debug typical --relax --mt 2 -L xil_defaultlib -L uvm -L unisims_ver -L unimacro_ver -L secureip --snapshot OTTERSim_behav xil_defaultlib.OTTERSim xil_defaultlib.glbl -log elaborate.log"
Vivado Simulator 2020.2
Copyright 1986-1999, 2001-2020 Xilinx, Inc. All Rights Reserved.
Running: C:/Xilinx/Vivado/2020.2/bin/unwrapped/win64.o/xelab.exe -wto ef0cc77942ca4ab884980f8f1c343e5e --incr --debug typical --relax --mt 2 -L xil_defaultlib -L uvm -L unisims_ver -L unimacro_ver -L secureip --snapshot OTTERSim_behav xil_defaultlib.OTTERSim xil_defaultlib.glbl -log elaborate.log 
Using 2 slave threads.
Starting static elaboration
Pass Through NonSizing Optimizer
Completed static elaboration
INFO: [XSIM 43-4323] No Change in HDL. Linking previously generated obj files to create kernel
INFO: [USF-XSim-69] 'elaborate' step finished in '1' seconds
Vivado Simulator 2020.2
Time resolution is 1 ps
relaunch_sim: Time (s): cpu = 00:00:00 ; elapsed = 00:00:05 . Memory (MB): peak = 1004.523 ; gain = 0.000
run all
relaunch_sim
Command: launch_simulation -simset sim_1 -mode behavioral
INFO: [Vivado 12-5682] Launching behavioral simulation in 'Z:/schoolfiles/school_files/cpe333/Lab0_1_performance/lab0_1/lab0_1.sim/sim_1/behav/xsim'
INFO: [SIM-utils-51] Simulation object is 'sim_1'
INFO: [SIM-utils-54] Inspecting design source files for 'OTTERSim' in fileset 'sim_1'...
INFO: [SIM-utils-43] Exported 'Z:/schoolfiles/school_files/cpe333/Lab0_1_performance/lab0_1/lab0_1.sim/sim_1/behav/xsim/otter_memory.mem'
INFO: [USF-XSim-97] Finding global include files...
INFO: [USF-XSim-98] Fetching design files from 'sim_1'...
INFO: [USF-XSim-2] XSim::Compile design
INFO: [USF-XSim-61] Executing 'COMPILE and ANALYZE' step in 'Z:/schoolfiles/school_files/cpe333/Lab0_1_performance/lab0_1/lab0_1.sim/sim_1/behav/xsim'
"xvlog --incr --relax -L uvm -prj OTTERSim_vlog.prj"
INFO: [USF-XSim-69] 'compile' step finished in '1' seconds
Command: launch_simulation -simset sim_1 -mode behavioral
INFO: [Vivado 12-5682] Launching behavioral simulation in 'Z:/schoolfiles/school_files/cpe333/Lab0_1_performance/lab0_1/lab0_1.sim/sim_1/behav/xsim'
INFO: [USF-XSim-3] XSim::Elaborate design
INFO: [USF-XSim-61] Executing 'ELABORATE' step in 'Z:/schoolfiles/school_files/cpe333/Lab0_1_performance/lab0_1/lab0_1.sim/sim_1/behav/xsim'
"xelab -wto ef0cc77942ca4ab884980f8f1c343e5e --incr --debug typical --relax --mt 2 -L xil_defaultlib -L uvm -L unisims_ver -L unimacro_ver -L secureip --snapshot OTTERSim_behav xil_defaultlib.OTTERSim xil_defaultlib.glbl -log elaborate.log"
Vivado Simulator 2020.2
Copyright 1986-1999, 2001-2020 Xilinx, Inc. All Rights Reserved.
Running: C:/Xilinx/Vivado/2020.2/bin/unwrapped/win64.o/xelab.exe -wto ef0cc77942ca4ab884980f8f1c343e5e --incr --debug typical --relax --mt 2 -L xil_defaultlib -L uvm -L unisims_ver -L unimacro_ver -L secureip --snapshot OTTERSim_behav xil_defaultlib.OTTERSim xil_defaultlib.glbl -log elaborate.log 
Using 2 slave threads.
Starting static elaboration
Pass Through NonSizing Optimizer
Completed static elaboration
INFO: [XSIM 43-4323] No Change in HDL. Linking previously generated obj files to create kernel
INFO: [USF-XSim-69] 'elaborate' step finished in '1' seconds
Vivado Simulator 2020.2
Time resolution is 1 ps
relaunch_sim: Time (s): cpu = 00:00:01 ; elapsed = 00:00:05 . Memory (MB): peak = 1004.523 ; gain = 0.000
run all
relaunch_sim
Command: launch_simulation -simset sim_1 -mode behavioral
INFO: [Vivado 12-5682] Launching behavioral simulation in 'Z:/schoolfiles/school_files/cpe333/Lab0_1_performance/lab0_1/lab0_1.sim/sim_1/behav/xsim'
INFO: [SIM-utils-51] Simulation object is 'sim_1'
INFO: [SIM-utils-54] Inspecting design source files for 'OTTERSim' in fileset 'sim_1'...
INFO: [SIM-utils-43] Exported 'Z:/schoolfiles/school_files/cpe333/Lab0_1_performance/lab0_1/lab0_1.sim/sim_1/behav/xsim/otter_memory.mem'
INFO: [USF-XSim-97] Finding global include files...
INFO: [USF-XSim-98] Fetching design files from 'sim_1'...
INFO: [USF-XSim-2] XSim::Compile design
INFO: [USF-XSim-61] Executing 'COMPILE and ANALYZE' step in 'Z:/schoolfiles/school_files/cpe333/Lab0_1_performance/lab0_1/lab0_1.sim/sim_1/behav/xsim'
"xvlog --incr --relax -L uvm -prj OTTERSim_vlog.prj"
INFO: [USF-XSim-69] 'compile' step finished in '1' seconds
Command: launch_simulation -simset sim_1 -mode behavioral
INFO: [Vivado 12-5682] Launching behavioral simulation in 'Z:/schoolfiles/school_files/cpe333/Lab0_1_performance/lab0_1/lab0_1.sim/sim_1/behav/xsim'
INFO: [USF-XSim-3] XSim::Elaborate design
INFO: [USF-XSim-61] Executing 'ELABORATE' step in 'Z:/schoolfiles/school_files/cpe333/Lab0_1_performance/lab0_1/lab0_1.sim/sim_1/behav/xsim'
"xelab -wto ef0cc77942ca4ab884980f8f1c343e5e --incr --debug typical --relax --mt 2 -L xil_defaultlib -L uvm -L unisims_ver -L unimacro_ver -L secureip --snapshot OTTERSim_behav xil_defaultlib.OTTERSim xil_defaultlib.glbl -log elaborate.log"
Vivado Simulator 2020.2
Copyright 1986-1999, 2001-2020 Xilinx, Inc. All Rights Reserved.
Running: C:/Xilinx/Vivado/2020.2/bin/unwrapped/win64.o/xelab.exe -wto ef0cc77942ca4ab884980f8f1c343e5e --incr --debug typical --relax --mt 2 -L xil_defaultlib -L uvm -L unisims_ver -L unimacro_ver -L secureip --snapshot OTTERSim_behav xil_defaultlib.OTTERSim xil_defaultlib.glbl -log elaborate.log 
Using 2 slave threads.
Starting static elaboration
Pass Through NonSizing Optimizer
Completed static elaboration
INFO: [XSIM 43-4323] No Change in HDL. Linking previously generated obj files to create kernel
INFO: [USF-XSim-69] 'elaborate' step finished in '1' seconds
Vivado Simulator 2020.2
Time resolution is 1 ps
relaunch_sim: Time (s): cpu = 00:00:00 ; elapsed = 00:00:05 . Memory (MB): peak = 1004.523 ; gain = 0.000
close_sim
INFO: [Simtcl 6-16] Simulation closed
exit
INFO: [Common 17-206] Exiting Vivado at Wed Oct  4 21:52:32 2023...
