Copyright 1986-2022 Xilinx, Inc. All Rights Reserved.
-------------------------------------------------------------------------------------------------------------------------------------------------
| Tool Version     : Vivado v.2022.2 (win64) Build 3671981 Fri Oct 14 05:00:03 MDT 2022
| Date             : Sat Nov 25 12:37:56 2023
| Host             : RaijinPC running 64-bit major release  (build 9200)
| Command          : report_power -file OTTER_MCU_power_routed.rpt -pb OTTER_MCU_power_summary_routed.pb -rpx OTTER_MCU_power_routed.rpx
| Design           : OTTER_MCU
| Device           : xc7a35tcpg236-1
| Design State     : routed
| Grade            : commercial
| Process          : typical
| Characterization : Production
-------------------------------------------------------------------------------------------------------------------------------------------------

Power Report

Table of Contents
-----------------
1. Summary
1.1 On-Chip Components
1.2 Power Supply Summary
1.3 Confidence Level
2. Settings
2.1 Environment
2.2 Clock Constraints
3. Detailed Reports
3.1 By Hierarchy

1. Summary
----------

+--------------------------+-----------------------------------+
| Total On-Chip Power (W)  | 107.219 (Junction temp exceeded!) |
| Design Power Budget (W)  | Unspecified*                      |
| Power Budget Margin (W)  | NA                                |
| Dynamic (W)              | 106.725                           |
| Device Static (W)        | 0.494                             |
| Effective TJA (C/W)      | 5.0                               |
| Max Ambient (C)          | 0.0                               |
| Junction Temperature (C) | 125.0                             |
| Confidence Level         | Low                               |
| Setting File             | ---                               |
| Simulation Activity File | ---                               |
| Design Nets Matched      | NA                                |
+--------------------------+-----------------------------------+
* Specify Design Power Budget using, set_operating_conditions -design_power_budget <value in Watts>


1.1 On-Chip Components
----------------------

+--------------------------+-----------+----------+-----------+-----------------+
| On-Chip                  | Power (W) | Used     | Available | Utilization (%) |
+--------------------------+-----------+----------+-----------+-----------------+
| Slice Logic              |    17.868 |     2481 |       --- |             --- |
|   LUT as Logic           |    15.962 |     1307 |     20800 |            6.28 |
|   LUT as Distributed RAM |     0.841 |       44 |      9600 |            0.46 |
|   Register               |     0.485 |      647 |     41600 |            1.56 |
|   F7/F8 Muxes            |     0.307 |      206 |     32600 |            0.63 |
|   CARRY4                 |     0.267 |       51 |      8150 |            0.63 |
|   BUFG                   |     0.006 |        1 |        32 |            3.13 |
|   Others                 |     0.000 |       16 |       --- |             --- |
| Signals                  |    27.916 |     2891 |       --- |             --- |
| Block RAM                |     0.269 |       16 |        50 |           32.00 |
| I/O                      |    60.672 |       99 |       106 |           93.40 |
| Static Power             |     0.494 |          |           |                 |
| Total                    |   107.219 |          |           |                 |
+--------------------------+-----------+----------+-----------+-----------------+


1.2 Power Supply Summary
------------------------

+-----------+-------------+-----------+-------------+------------+-------------+-------------+------------+
| Source    | Voltage (V) | Total (A) | Dynamic (A) | Static (A) | Powerup (A) | Budget (A)  | Margin (A) |
+-----------+-------------+-----------+-------------+------------+-------------+-------------+------------+
| Vccint    |       1.000 |    46.509 |      46.164 |      0.346 |       NA    | Unspecified | NA         |
| Vccaux    |       1.800 |     5.009 |       4.956 |      0.053 |       NA    | Unspecified | NA         |
| Vcco33    |       3.300 |     0.000 |       0.000 |      0.000 |       NA    | Unspecified | NA         |
| Vcco25    |       2.500 |     0.000 |       0.000 |      0.000 |       NA    | Unspecified | NA         |
| Vcco18    |       1.800 |    28.679 |      28.678 |      0.001 |       NA    | Unspecified | NA         |
| Vcco15    |       1.500 |     0.000 |       0.000 |      0.000 |       NA    | Unspecified | NA         |
| Vcco135   |       1.350 |     0.000 |       0.000 |      0.000 |       NA    | Unspecified | NA         |
| Vcco12    |       1.200 |     0.000 |       0.000 |      0.000 |       NA    | Unspecified | NA         |
| Vccaux_io |       1.800 |     0.000 |       0.000 |      0.000 |       NA    | Unspecified | NA         |
| Vccbram   |       1.000 |     0.036 |       0.021 |      0.015 |       NA    | Unspecified | NA         |
| MGTAVcc   |       1.000 |     0.000 |       0.000 |      0.000 |       NA    | Unspecified | NA         |
| MGTAVtt   |       1.200 |     0.000 |       0.000 |      0.000 |       NA    | Unspecified | NA         |
| Vccadc    |       1.800 |     0.020 |       0.000 |      0.020 |       NA    | Unspecified | NA         |
+-----------+-------------+-----------+-------------+------------+-------------+-------------+------------+


1.3 Confidence Level
--------------------

+-----------------------------+------------+--------------------------------------------------------+--------------------------------------------------------------------------------------------------------------------+
| User Input Data             | Confidence | Details                                                | Action                                                                                                             |
+-----------------------------+------------+--------------------------------------------------------+--------------------------------------------------------------------------------------------------------------------+
| Design implementation state | High       | Design is routed                                       |                                                                                                                    |
| Clock nodes activity        | Low        | User specified less than 75% of clocks                 | Provide missing clock activity with a constraint file, simulation results or by editing the "By Clock Domain" view |
| I/O nodes activity          | Low        | More than 75% of inputs are missing user specification | Provide missing input activity with simulation results or by editing the "By Resource Type -> I/Os" view           |
| Internal nodes activity     | Medium     | User specified less than 25% of internal nodes         | Provide missing internal nodes activity with simulation results or by editing the "By Resource Type" views         |
| Device models               | High       | Device models are Production                           |                                                                                                                    |
|                             |            |                                                        |                                                                                                                    |
| Overall confidence level    | Low        |                                                        |                                                                                                                    |
+-----------------------------+------------+--------------------------------------------------------+--------------------------------------------------------------------------------------------------------------------+


2. Settings
-----------

2.1 Environment
---------------

+-----------------------+--------------------------+
| Ambient Temp (C)      | 25.0                     |
| ThetaJA (C/W)         | 5.0                      |
| Airflow (LFM)         | 250                      |
| Heat Sink             | medium (Medium Profile)  |
| ThetaSA (C/W)         | 4.6                      |
| Board Selection       | medium (10"x10")         |
| # of Board Layers     | 12to15 (12 to 15 Layers) |
| Board Temperature (C) | 25.0                     |
+-----------------------+--------------------------+


2.2 Clock Constraints
---------------------

+-------+--------+-----------------+
| Clock | Domain | Constraint (ns) |
+-------+--------+-----------------+


3. Detailed Reports
-------------------

3.1 By Hierarchy
----------------

+-----------------------------------+-----------+
| Name                              | Power (W) |
+-----------------------------------+-----------+
| OTTER_MCU                         |   106.725 |
|   OTTER_ALU                       |     0.459 |
|   OTTER_MEMORY                    |     5.163 |
|   OTTER_reg_file                  |     1.189 |
|     reg_file_reg_r1_0_31_0_5      |     0.104 |
|     reg_file_reg_r1_0_31_12_17    |     0.108 |
|     reg_file_reg_r1_0_31_18_23    |     0.107 |
|     reg_file_reg_r1_0_31_24_29    |     0.103 |
|     reg_file_reg_r1_0_31_30_31    |     0.030 |
|     reg_file_reg_r1_0_31_30_31__0 |     0.029 |
|     reg_file_reg_r1_0_31_6_11     |     0.104 |
|     reg_file_reg_r2_0_31_0_5      |     0.116 |
|     reg_file_reg_r2_0_31_12_17    |     0.111 |
|     reg_file_reg_r2_0_31_18_23    |     0.101 |
|     reg_file_reg_r2_0_31_24_29    |     0.108 |
|     reg_file_reg_r2_0_31_30_31    |     0.032 |
|     reg_file_reg_r2_0_31_30_31__0 |     0.032 |
|     reg_file_reg_r2_0_31_6_11     |     0.102 |
|   Program_Counter                 |     0.986 |
|   branch_conditional              |     0.042 |
|   pipeline_reg_D_E                |    21.031 |
|   pipeline_reg_E_M                |    13.573 |
|   pipeline_reg_F_D                |     1.703 |
|   pipeline_reg_M_W                |     1.604 |
+-----------------------------------+-----------+


