Copyright 1986-2020 Xilinx, Inc. All Rights Reserved.
------------------------------------------------------------------------------------------
| Tool Version : Vivado v.2020.2 (win64) Build 3064766 Wed Nov 18 09:12:45 MST 2020
| Date         : Mon Oct  2 19:09:48 2023
| Host         : RaijinPC running 64-bit major release  (build 9200)
| Command      : report_control_sets -verbose -file OTTER_Wrapper_control_sets_placed.rpt
| Design       : OTTER_Wrapper
| Device       : xc7a35t
------------------------------------------------------------------------------------------

Control Set Information

Table of Contents
-----------------
1. Summary
2. Histogram
3. Flip-Flop Distribution
4. Detailed Control Set Information

1. Summary
----------

+----------------------------------------------------------+-------+
|                          Status                          | Count |
+----------------------------------------------------------+-------+
| Total control sets                                       |    20 |
|    Minimum number of control sets                        |    20 |
|    Addition due to synthesis replication                 |     0 |
|    Addition due to physical synthesis replication        |     0 |
| Unused register locations in slices containing registers |    55 |
+----------------------------------------------------------+-------+
* Control sets can be merged at opt_design using control_set_merge or merge_equivalent_drivers
** Run report_qor_suggestions for automated merging and remapping suggestions


2. Histogram
------------

+--------------------+-------+
|       Fanout       | Count |
+--------------------+-------+
| Total control sets |    20 |
| >= 0 to < 4        |     3 |
| >= 4 to < 6        |     3 |
| >= 6 to < 8        |     0 |
| >= 8 to < 10       |     3 |
| >= 10 to < 12      |     0 |
| >= 12 to < 14      |     0 |
| >= 14 to < 16      |     0 |
| >= 16              |    11 |
+--------------------+-------+
* Control sets can be remapped at either synth_design or opt_design


3. Flip-Flop Distribution
-------------------------

+--------------+-----------------------+------------------------+-----------------+--------------+
| Clock Enable | Synchronous Set/Reset | Asynchronous Set/Reset | Total Registers | Total Slices |
+--------------+-----------------------+------------------------+-----------------+--------------+
| No           | No                    | No                     |              44 |           21 |
| No           | No                    | Yes                    |               0 |            0 |
| No           | Yes                   | No                     |              37 |           13 |
| Yes          | No                    | No                     |             100 |           43 |
| Yes          | No                    | Yes                    |               0 |            0 |
| Yes          | Yes                   | No                     |             108 |           58 |
+--------------+-----------------------+------------------------+-----------------+--------------+


4. Detailed Control Set Information
-----------------------------------

+-----------------------------+--------------------------------------------+------------------------------------------+------------------+----------------+--------------+
|         Clock Signal        |                Enable Signal               |             Set/Reset Signal             | Slice Load Count | Bel Load Count | Bels / Slice |
+-----------------------------+--------------------------------------------+------------------------------------------+------------------+----------------+--------------+
|  CLK_IBUF_BUFG              |                                            |                                          |                2 |              2 |         1.00 |
|  SSG_DISP/CathMod/s_clk_500 |                                            | SSG_DISP/CathMod/r_disp_digit[0]_i_1_n_0 |                1 |              2 |         2.00 |
|  SSG_DISP/CathMod/s_clk_500 |                                            | SSG_DISP/CathMod/r_disp_digit[0]         |                2 |              2 |         1.00 |
|  count_reg[15]              | MCU/my_fsm/Q[1]                            |                                          |                1 |              4 |         4.00 |
|  count_reg[15]              |                                            | BTNC_IBUF                                |                2 |              5 |         2.50 |
|  MCU/my_fsm/NS              |                                            |                                          |                2 |              5 |         2.50 |
|  sclk_BUFG                  |                                            | DB/s_db_count[7]_i_1_n_0                 |                3 |              8 |         2.67 |
|  count_reg[15]              |                                            |                                          |                7 |              9 |         1.29 |
|  SSG_DISP/CathMod/s_clk_500 |                                            |                                          |                5 |              9 |         1.80 |
|  sclk_BUFG                  | MCU/OTTER_MEMORY/FSM_onehot_PS_reg[2][0]   |                                          |                4 |             16 |         4.00 |
|  sclk_BUFG                  | MCU/OTTER_MEMORY/FSM_onehot_PS_reg[2]_0[0] |                                          |                9 |             16 |         1.78 |
|  count_reg[15]              | MCU/my_fsm/memRDEN2                        | MCU/OTTER_MEMORY/ioBuffer[15]_i_1_n_0    |                8 |             16 |         2.00 |
|  sclk_BUFG                  |                                            |                                          |                5 |             19 |         3.80 |
|  CLK_IBUF_BUFG              |                                            | SSG_DISP/CathMod/clear                   |                5 |             20 |         4.00 |
|  count_reg[15]              | MCU/OTTER_MEMORY/FSM_onehot_PS_reg[0]_1    | MCU/OTTER_MEMORY/FSM_onehot_PS_reg[0]_0  |               16 |             30 |         1.88 |
|  count_reg[15]              | MCU/OTTER_MEMORY/p_0_out[0]                | MCU/OTTER_MEMORY/FSM_onehot_PS_reg[0]    |               14 |             30 |         2.14 |
|  count_reg[15]              | reg_file_reg_r1_0_31_0_5_i_136_n_0         |                                          |               11 |             32 |         2.91 |
|  count_reg[15]              | MCU/my_fsm/E[0]                            | MCU/my_fsm/Q[0]                          |               20 |             32 |         1.60 |
|  count_reg[15]              | MCU/OTTER_MEMORY/E[0]                      |                                          |               18 |             32 |         1.78 |
|  count_reg[15]              | MCU/OTTER_MEMORY/p_0_in                    |                                          |               12 |             96 |         8.00 |
+-----------------------------+--------------------------------------------+------------------------------------------+------------------+----------------+--------------+


