
*** Running vivado
    with args -log OTTER_MCU.vds -m64 -product Vivado -mode batch -messageDb vivado.pb -notrace -source OTTER_MCU.tcl



****** Vivado v2022.2 (64-bit)
  **** SW Build 3671981 on Fri Oct 14 05:00:03 MDT 2022
  **** IP Build 3669848 on Fri Oct 14 08:30:02 MDT 2022
    ** Copyright 1986-2022 Xilinx, Inc. All Rights Reserved.

source OTTER_MCU.tcl -notrace
Command: read_checkpoint -auto_incremental -incremental Z:/schoolfiles/school_files/cpe333/lab5_cache/cache_vivado1/cache_vivado.srcs/utils_1/imports/synth_1/OTTER_MCU.dcp
INFO: [Vivado 12-5825] Read reference checkpoint from Z:/schoolfiles/school_files/cpe333/lab5_cache/cache_vivado1/cache_vivado.srcs/utils_1/imports/synth_1/OTTER_MCU.dcp for incremental synthesis
INFO: [Vivado 12-7989] Please ensure there are no constraint changes
Command: synth_design -top OTTER_MCU -part xc7k70tfbv676-1
Starting synth_design
Attempting to get a license for feature 'Synthesis' and/or device 'xc7k70t'
INFO: [Common 17-349] Got license for feature 'Synthesis' and/or device 'xc7k70t'
INFO: [Designutils 20-5440] No compile time benefit to using incremental synthesis; A full resynthesis will be run
INFO: [Designutils 20-4379] Flow is switching to default flow due to incremental criteria not met. If you would like to alter this behaviour and have the flow terminate instead, please set the following parameter config_implementation {autoIncr.Synth.RejectBehavior Terminate}
INFO: [Synth 8-7079] Multithreading enabled for synth_design using a maximum of 2 processes.
INFO: [Synth 8-7078] Launching helper process for spawning children vivado processes
INFO: [Synth 8-7075] Helper process launched with PID 31104
INFO: [Synth 8-11241] undeclared symbol 'REGCCE', assumed default net type 'wire' [C:/Xilinx/Vivado/2022.2/data/verilog/src/unimacro/BRAM_SINGLE_MACRO.v:2170]
---------------------------------------------------------------------------------
Starting Synthesize : Time (s): cpu = 00:00:02 ; elapsed = 00:00:03 . Memory (MB): peak = 827.000 ; gain = 410.949
---------------------------------------------------------------------------------
INFO: [Synth 8-6157] synthesizing module 'OTTER_MCU' [Z:/schoolfiles/school_files/cpe333/lab5_cache/OtterPipelineFiles/otter_mcu/otter_mcu_pipeline.sv:23]
INFO: [Synth 8-6157] synthesizing module 'mux_2t1_nb' [Z:/schoolfiles/school_files/cpe333/lab5_cache/OtterPipelineFiles/otter_mcu/mux_2t1_nb.sv:31]
	Parameter n bound to: 32 - type: integer 
INFO: [Synth 8-226] default block is never used [Z:/schoolfiles/school_files/cpe333/lab5_cache/OtterPipelineFiles/otter_mcu/mux_2t1_nb.sv:39]
INFO: [Synth 8-6155] done synthesizing module 'mux_2t1_nb' (0#1) [Z:/schoolfiles/school_files/cpe333/lab5_cache/OtterPipelineFiles/otter_mcu/mux_2t1_nb.sv:31]
INFO: [Synth 8-6157] synthesizing module 'reg_nb' [Z:/schoolfiles/school_files/cpe333/lab5_cache/OtterPipelineFiles/otter_mcu/register_nb.sv:24]
	Parameter n bound to: 32 - type: integer 
INFO: [Synth 8-6155] done synthesizing module 'reg_nb' (0#1) [Z:/schoolfiles/school_files/cpe333/lab5_cache/OtterPipelineFiles/otter_mcu/register_nb.sv:24]
INFO: [Synth 8-6157] synthesizing module 'MemoryWrapper' [Z:/schoolfiles/school_files/cpe333/lab5_cache/OtterPipelineFiles/cache/memory_wrapper.sv:2]
INFO: [Synth 8-6157] synthesizing module 'Cache_FSM' [Z:/schoolfiles/school_files/cpe333/lab5_cache/OtterPipelineFiles/cache/cache_fsm.sv:2]
INFO: [Synth 8-226] default block is never used [Z:/schoolfiles/school_files/cpe333/lab5_cache/OtterPipelineFiles/cache/cache_fsm.sv:42]
INFO: [Synth 8-6155] done synthesizing module 'Cache_FSM' (0#1) [Z:/schoolfiles/school_files/cpe333/lab5_cache/OtterPipelineFiles/cache/cache_fsm.sv:2]
INFO: [Synth 8-6157] synthesizing module 'instr_cache' [Z:/schoolfiles/school_files/cpe333/lab5_cache/OtterPipelineFiles/cache/instr_cache.sv:3]
INFO: [Synth 8-6155] done synthesizing module 'instr_cache' (0#1) [Z:/schoolfiles/school_files/cpe333/lab5_cache/OtterPipelineFiles/cache/instr_cache.sv:3]
INFO: [Synth 8-6157] synthesizing module 'cache_adapter' [Z:/schoolfiles/school_files/cpe333/lab5_cache/OtterPipelineFiles/cache/cache_adapter.sv:2]
INFO: [Synth 8-6155] done synthesizing module 'cache_adapter' (0#1) [Z:/schoolfiles/school_files/cpe333/lab5_cache/OtterPipelineFiles/cache/cache_adapter.sv:2]
INFO: [Synth 8-6157] synthesizing module 'clk_2n_div_test' [Z:/schoolfiles/school_files/cpe333/lab5_cache/OtterPipelineFiles/cache/clk_div.sv:1]
	Parameter n bound to: 3 - type: integer 
INFO: [Synth 8-6155] done synthesizing module 'clk_2n_div_test' (0#1) [Z:/schoolfiles/school_files/cpe333/lab5_cache/OtterPipelineFiles/cache/clk_div.sv:1]
INFO: [Synth 8-6157] synthesizing module 'Memory' [Z:/schoolfiles/school_files/cpe333/lab5_cache/OtterPipelineFiles/cache/otter_memory.sv:47]
INFO: [Synth 8-3876] $readmem data file 'otter_memory.mem' is read successfully [Z:/schoolfiles/school_files/cpe333/lab5_cache/OtterPipelineFiles/cache/otter_memory.sv:72]
INFO: [Synth 8-155] case statement is not full and has no default [Z:/schoolfiles/school_files/cpe333/lab5_cache/OtterPipelineFiles/cache/otter_memory.sv:89]
INFO: [Synth 8-6155] done synthesizing module 'Memory' (0#1) [Z:/schoolfiles/school_files/cpe333/lab5_cache/OtterPipelineFiles/cache/otter_memory.sv:47]
INFO: [Synth 8-6155] done synthesizing module 'MemoryWrapper' (0#1) [Z:/schoolfiles/school_files/cpe333/lab5_cache/OtterPipelineFiles/cache/memory_wrapper.sv:2]
INFO: [Synth 8-6157] synthesizing module 'Pipeline_reg_fetch_decode' [Z:/schoolfiles/school_files/cpe333/lab5_cache/OtterPipelineFiles/otter_mcu/pipeline_reg_fetch_decode.sv:23]
INFO: [Synth 8-6155] done synthesizing module 'Pipeline_reg_fetch_decode' (0#1) [Z:/schoolfiles/school_files/cpe333/lab5_cache/OtterPipelineFiles/otter_mcu/pipeline_reg_fetch_decode.sv:23]
INFO: [Synth 8-6157] synthesizing module 'Decoder' [Z:/schoolfiles/school_files/cpe333/lab5_cache/OtterPipelineFiles/otter_mcu/Decoder.sv:23]
INFO: [Synth 8-226] default block is never used [Z:/schoolfiles/school_files/cpe333/lab5_cache/OtterPipelineFiles/otter_mcu/Decoder.sv:127]
INFO: [Synth 8-226] default block is never used [Z:/schoolfiles/school_files/cpe333/lab5_cache/OtterPipelineFiles/otter_mcu/Decoder.sv:146]
INFO: [Synth 8-155] case statement is not full and has no default [Z:/schoolfiles/school_files/cpe333/lab5_cache/OtterPipelineFiles/otter_mcu/Decoder.sv:75]
INFO: [Synth 8-6155] done synthesizing module 'Decoder' (0#1) [Z:/schoolfiles/school_files/cpe333/lab5_cache/OtterPipelineFiles/otter_mcu/Decoder.sv:23]
INFO: [Synth 8-6157] synthesizing module 'RegFile' [Z:/schoolfiles/school_files/cpe333/lab5_cache/OtterPipelineFiles/otter_mcu/reg_file.sv:37]
INFO: [Synth 8-6155] done synthesizing module 'RegFile' (0#1) [Z:/schoolfiles/school_files/cpe333/lab5_cache/OtterPipelineFiles/otter_mcu/reg_file.sv:37]
INFO: [Synth 8-6157] synthesizing module 'immed_gen' [Z:/schoolfiles/school_files/cpe333/lab5_cache/OtterPipelineFiles/otter_mcu/immed_gen.sv:27]
INFO: [Synth 8-6155] done synthesizing module 'immed_gen' (0#1) [Z:/schoolfiles/school_files/cpe333/lab5_cache/OtterPipelineFiles/otter_mcu/immed_gen.sv:27]
INFO: [Synth 8-6157] synthesizing module 'Pipeline_reg_decode_execute' [Z:/schoolfiles/school_files/cpe333/lab5_cache/OtterPipelineFiles/otter_mcu/Pipeline_reg_decode_execute.sv:23]
INFO: [Synth 8-6155] done synthesizing module 'Pipeline_reg_decode_execute' (0#1) [Z:/schoolfiles/school_files/cpe333/lab5_cache/OtterPipelineFiles/otter_mcu/Pipeline_reg_decode_execute.sv:23]
INFO: [Synth 8-6157] synthesizing module 'branch_cond_gen' [Z:/schoolfiles/school_files/cpe333/lab5_cache/OtterPipelineFiles/otter_mcu/Branch_cond_gen.sv:28]
INFO: [Synth 8-6155] done synthesizing module 'branch_cond_gen' (0#1) [Z:/schoolfiles/school_files/cpe333/lab5_cache/OtterPipelineFiles/otter_mcu/Branch_cond_gen.sv:28]
INFO: [Synth 8-6157] synthesizing module 'mux_4t1_nb' [Z:/schoolfiles/school_files/cpe333/lab5_cache/OtterPipelineFiles/otter_mcu/mux_4t1_nb.sv:24]
	Parameter n bound to: 32 - type: integer 
INFO: [Synth 8-226] default block is never used [Z:/schoolfiles/school_files/cpe333/lab5_cache/OtterPipelineFiles/otter_mcu/mux_4t1_nb.sv:35]
INFO: [Synth 8-6155] done synthesizing module 'mux_4t1_nb' (0#1) [Z:/schoolfiles/school_files/cpe333/lab5_cache/OtterPipelineFiles/otter_mcu/mux_4t1_nb.sv:24]
INFO: [Synth 8-6157] synthesizing module 'ALU' [Z:/schoolfiles/school_files/cpe333/lab5_cache/OtterPipelineFiles/otter_mcu/alu.sv:22]
INFO: [Synth 8-6155] done synthesizing module 'ALU' (0#1) [Z:/schoolfiles/school_files/cpe333/lab5_cache/OtterPipelineFiles/otter_mcu/alu.sv:22]
INFO: [Synth 8-6157] synthesizing module 'Pipeline_reg_execute_memory' [Z:/schoolfiles/school_files/cpe333/lab5_cache/OtterPipelineFiles/otter_mcu/Pipeline_reg_execute_memory.sv:25]
INFO: [Synth 8-6155] done synthesizing module 'Pipeline_reg_execute_memory' (0#1) [Z:/schoolfiles/school_files/cpe333/lab5_cache/OtterPipelineFiles/otter_mcu/Pipeline_reg_execute_memory.sv:25]
INFO: [Synth 8-6157] synthesizing module 'Pipeline_reg_memory_writeback' [Z:/schoolfiles/school_files/cpe333/lab5_cache/OtterPipelineFiles/otter_mcu/Pipeline_reg_memory_writeback.sv:22]
INFO: [Synth 8-6155] done synthesizing module 'Pipeline_reg_memory_writeback' (0#1) [Z:/schoolfiles/school_files/cpe333/lab5_cache/OtterPipelineFiles/otter_mcu/Pipeline_reg_memory_writeback.sv:22]
INFO: [Synth 8-6157] synthesizing module 'Hazard_Unit' [Z:/schoolfiles/school_files/cpe333/lab5_cache/OtterPipelineFiles/otter_mcu/hazard.sv:3]
INFO: [Synth 8-6155] done synthesizing module 'Hazard_Unit' (0#1) [Z:/schoolfiles/school_files/cpe333/lab5_cache/OtterPipelineFiles/otter_mcu/hazard.sv:3]
INFO: [Synth 8-6155] done synthesizing module 'OTTER_MCU' (0#1) [Z:/schoolfiles/school_files/cpe333/lab5_cache/OtterPipelineFiles/otter_mcu/otter_mcu_pipeline.sv:23]
WARNING: [Synth 8-3848] Net IO_WR in module/entity MemoryWrapper does not have driver. [Z:/schoolfiles/school_files/cpe333/lab5_cache/OtterPipelineFiles/cache/memory_wrapper.sv:14]
WARNING: [Synth 8-3848] Net MEM_DOUT2 in module/entity MemoryWrapper does not have driver. [Z:/schoolfiles/school_files/cpe333/lab5_cache/OtterPipelineFiles/cache/memory_wrapper.sv:16]
WARNING: [Synth 8-3848] Net memValid2 in module/entity MemoryWrapper does not have driver. [Z:/schoolfiles/school_files/cpe333/lab5_cache/OtterPipelineFiles/cache/memory_wrapper.sv:18]
WARNING: [Synth 8-3848] Net flush_F in module/entity OTTER_MCU does not have driver. [Z:/schoolfiles/school_files/cpe333/lab5_cache/OtterPipelineFiles/otter_mcu/otter_mcu_pipeline.sv:69]
WARNING: [Synth 8-7129] Port memValid2 in module Hazard_Unit is either unconnected or has no load
WARNING: [Synth 8-7129] Port read in module Cache_FSM is either unconnected or has no load
WARNING: [Synth 8-7129] Port IO_WR in module MemoryWrapper is either unconnected or has no load
WARNING: [Synth 8-7129] Port MEM_DOUT2[31] in module MemoryWrapper is either unconnected or has no load
WARNING: [Synth 8-7129] Port MEM_DOUT2[30] in module MemoryWrapper is either unconnected or has no load
WARNING: [Synth 8-7129] Port MEM_DOUT2[29] in module MemoryWrapper is either unconnected or has no load
WARNING: [Synth 8-7129] Port MEM_DOUT2[28] in module MemoryWrapper is either unconnected or has no load
WARNING: [Synth 8-7129] Port MEM_DOUT2[27] in module MemoryWrapper is either unconnected or has no load
WARNING: [Synth 8-7129] Port MEM_DOUT2[26] in module MemoryWrapper is either unconnected or has no load
WARNING: [Synth 8-7129] Port MEM_DOUT2[25] in module MemoryWrapper is either unconnected or has no load
WARNING: [Synth 8-7129] Port MEM_DOUT2[24] in module MemoryWrapper is either unconnected or has no load
WARNING: [Synth 8-7129] Port MEM_DOUT2[23] in module MemoryWrapper is either unconnected or has no load
WARNING: [Synth 8-7129] Port MEM_DOUT2[22] in module MemoryWrapper is either unconnected or has no load
WARNING: [Synth 8-7129] Port MEM_DOUT2[21] in module MemoryWrapper is either unconnected or has no load
WARNING: [Synth 8-7129] Port MEM_DOUT2[20] in module MemoryWrapper is either unconnected or has no load
WARNING: [Synth 8-7129] Port MEM_DOUT2[19] in module MemoryWrapper is either unconnected or has no load
WARNING: [Synth 8-7129] Port MEM_DOUT2[18] in module MemoryWrapper is either unconnected or has no load
WARNING: [Synth 8-7129] Port MEM_DOUT2[17] in module MemoryWrapper is either unconnected or has no load
WARNING: [Synth 8-7129] Port MEM_DOUT2[16] in module MemoryWrapper is either unconnected or has no load
WARNING: [Synth 8-7129] Port MEM_DOUT2[15] in module MemoryWrapper is either unconnected or has no load
WARNING: [Synth 8-7129] Port MEM_DOUT2[14] in module MemoryWrapper is either unconnected or has no load
WARNING: [Synth 8-7129] Port MEM_DOUT2[13] in module MemoryWrapper is either unconnected or has no load
WARNING: [Synth 8-7129] Port MEM_DOUT2[12] in module MemoryWrapper is either unconnected or has no load
WARNING: [Synth 8-7129] Port MEM_DOUT2[11] in module MemoryWrapper is either unconnected or has no load
WARNING: [Synth 8-7129] Port MEM_DOUT2[10] in module MemoryWrapper is either unconnected or has no load
WARNING: [Synth 8-7129] Port MEM_DOUT2[9] in module MemoryWrapper is either unconnected or has no load
WARNING: [Synth 8-7129] Port MEM_DOUT2[8] in module MemoryWrapper is either unconnected or has no load
WARNING: [Synth 8-7129] Port MEM_DOUT2[7] in module MemoryWrapper is either unconnected or has no load
WARNING: [Synth 8-7129] Port MEM_DOUT2[6] in module MemoryWrapper is either unconnected or has no load
WARNING: [Synth 8-7129] Port MEM_DOUT2[5] in module MemoryWrapper is either unconnected or has no load
WARNING: [Synth 8-7129] Port MEM_DOUT2[4] in module MemoryWrapper is either unconnected or has no load
WARNING: [Synth 8-7129] Port MEM_DOUT2[3] in module MemoryWrapper is either unconnected or has no load
WARNING: [Synth 8-7129] Port MEM_DOUT2[2] in module MemoryWrapper is either unconnected or has no load
WARNING: [Synth 8-7129] Port MEM_DOUT2[1] in module MemoryWrapper is either unconnected or has no load
WARNING: [Synth 8-7129] Port MEM_DOUT2[0] in module MemoryWrapper is either unconnected or has no load
WARNING: [Synth 8-7129] Port memValid2 in module MemoryWrapper is either unconnected or has no load
WARNING: [Synth 8-7129] Port MEM_RDEN2 in module MemoryWrapper is either unconnected or has no load
WARNING: [Synth 8-7129] Port MEM_WE2 in module MemoryWrapper is either unconnected or has no load
WARNING: [Synth 8-7129] Port MEM_ADDR2[31] in module MemoryWrapper is either unconnected or has no load
WARNING: [Synth 8-7129] Port MEM_ADDR2[30] in module MemoryWrapper is either unconnected or has no load
WARNING: [Synth 8-7129] Port MEM_ADDR2[29] in module MemoryWrapper is either unconnected or has no load
WARNING: [Synth 8-7129] Port MEM_ADDR2[28] in module MemoryWrapper is either unconnected or has no load
WARNING: [Synth 8-7129] Port MEM_ADDR2[27] in module MemoryWrapper is either unconnected or has no load
WARNING: [Synth 8-7129] Port MEM_ADDR2[26] in module MemoryWrapper is either unconnected or has no load
WARNING: [Synth 8-7129] Port MEM_ADDR2[25] in module MemoryWrapper is either unconnected or has no load
WARNING: [Synth 8-7129] Port MEM_ADDR2[24] in module MemoryWrapper is either unconnected or has no load
WARNING: [Synth 8-7129] Port MEM_ADDR2[23] in module MemoryWrapper is either unconnected or has no load
WARNING: [Synth 8-7129] Port MEM_ADDR2[22] in module MemoryWrapper is either unconnected or has no load
WARNING: [Synth 8-7129] Port MEM_ADDR2[21] in module MemoryWrapper is either unconnected or has no load
WARNING: [Synth 8-7129] Port MEM_ADDR2[20] in module MemoryWrapper is either unconnected or has no load
WARNING: [Synth 8-7129] Port MEM_ADDR2[19] in module MemoryWrapper is either unconnected or has no load
WARNING: [Synth 8-7129] Port MEM_ADDR2[18] in module MemoryWrapper is either unconnected or has no load
WARNING: [Synth 8-7129] Port MEM_ADDR2[17] in module MemoryWrapper is either unconnected or has no load
WARNING: [Synth 8-7129] Port MEM_ADDR2[16] in module MemoryWrapper is either unconnected or has no load
WARNING: [Synth 8-7129] Port MEM_ADDR2[15] in module MemoryWrapper is either unconnected or has no load
WARNING: [Synth 8-7129] Port MEM_ADDR2[14] in module MemoryWrapper is either unconnected or has no load
WARNING: [Synth 8-7129] Port MEM_ADDR2[13] in module MemoryWrapper is either unconnected or has no load
WARNING: [Synth 8-7129] Port MEM_ADDR2[12] in module MemoryWrapper is either unconnected or has no load
WARNING: [Synth 8-7129] Port MEM_ADDR2[11] in module MemoryWrapper is either unconnected or has no load
WARNING: [Synth 8-7129] Port MEM_ADDR2[10] in module MemoryWrapper is either unconnected or has no load
WARNING: [Synth 8-7129] Port MEM_ADDR2[9] in module MemoryWrapper is either unconnected or has no load
WARNING: [Synth 8-7129] Port MEM_ADDR2[8] in module MemoryWrapper is either unconnected or has no load
WARNING: [Synth 8-7129] Port MEM_ADDR2[7] in module MemoryWrapper is either unconnected or has no load
WARNING: [Synth 8-7129] Port MEM_ADDR2[6] in module MemoryWrapper is either unconnected or has no load
WARNING: [Synth 8-7129] Port MEM_ADDR2[5] in module MemoryWrapper is either unconnected or has no load
WARNING: [Synth 8-7129] Port MEM_ADDR2[4] in module MemoryWrapper is either unconnected or has no load
WARNING: [Synth 8-7129] Port MEM_ADDR2[3] in module MemoryWrapper is either unconnected or has no load
WARNING: [Synth 8-7129] Port MEM_ADDR2[2] in module MemoryWrapper is either unconnected or has no load
WARNING: [Synth 8-7129] Port MEM_ADDR2[1] in module MemoryWrapper is either unconnected or has no load
WARNING: [Synth 8-7129] Port MEM_ADDR2[0] in module MemoryWrapper is either unconnected or has no load
WARNING: [Synth 8-7129] Port MEM_DIN2[31] in module MemoryWrapper is either unconnected or has no load
WARNING: [Synth 8-7129] Port MEM_DIN2[30] in module MemoryWrapper is either unconnected or has no load
WARNING: [Synth 8-7129] Port MEM_DIN2[29] in module MemoryWrapper is either unconnected or has no load
WARNING: [Synth 8-7129] Port MEM_DIN2[28] in module MemoryWrapper is either unconnected or has no load
WARNING: [Synth 8-7129] Port MEM_DIN2[27] in module MemoryWrapper is either unconnected or has no load
WARNING: [Synth 8-7129] Port MEM_DIN2[26] in module MemoryWrapper is either unconnected or has no load
WARNING: [Synth 8-7129] Port MEM_DIN2[25] in module MemoryWrapper is either unconnected or has no load
WARNING: [Synth 8-7129] Port MEM_DIN2[24] in module MemoryWrapper is either unconnected or has no load
WARNING: [Synth 8-7129] Port MEM_DIN2[23] in module MemoryWrapper is either unconnected or has no load
WARNING: [Synth 8-7129] Port MEM_DIN2[22] in module MemoryWrapper is either unconnected or has no load
WARNING: [Synth 8-7129] Port MEM_DIN2[21] in module MemoryWrapper is either unconnected or has no load
WARNING: [Synth 8-7129] Port MEM_DIN2[20] in module MemoryWrapper is either unconnected or has no load
WARNING: [Synth 8-7129] Port MEM_DIN2[19] in module MemoryWrapper is either unconnected or has no load
WARNING: [Synth 8-7129] Port MEM_DIN2[18] in module MemoryWrapper is either unconnected or has no load
WARNING: [Synth 8-7129] Port MEM_DIN2[17] in module MemoryWrapper is either unconnected or has no load
WARNING: [Synth 8-7129] Port MEM_DIN2[16] in module MemoryWrapper is either unconnected or has no load
WARNING: [Synth 8-7129] Port MEM_DIN2[15] in module MemoryWrapper is either unconnected or has no load
WARNING: [Synth 8-7129] Port MEM_DIN2[14] in module MemoryWrapper is either unconnected or has no load
WARNING: [Synth 8-7129] Port MEM_DIN2[13] in module MemoryWrapper is either unconnected or has no load
WARNING: [Synth 8-7129] Port MEM_DIN2[12] in module MemoryWrapper is either unconnected or has no load
WARNING: [Synth 8-7129] Port MEM_DIN2[11] in module MemoryWrapper is either unconnected or has no load
WARNING: [Synth 8-7129] Port MEM_DIN2[10] in module MemoryWrapper is either unconnected or has no load
WARNING: [Synth 8-7129] Port MEM_DIN2[9] in module MemoryWrapper is either unconnected or has no load
WARNING: [Synth 8-7129] Port MEM_DIN2[8] in module MemoryWrapper is either unconnected or has no load
WARNING: [Synth 8-7129] Port MEM_DIN2[7] in module MemoryWrapper is either unconnected or has no load
WARNING: [Synth 8-7129] Port MEM_DIN2[6] in module MemoryWrapper is either unconnected or has no load
WARNING: [Synth 8-7129] Port MEM_DIN2[5] in module MemoryWrapper is either unconnected or has no load
WARNING: [Synth 8-7129] Port MEM_DIN2[4] in module MemoryWrapper is either unconnected or has no load
WARNING: [Synth 8-7129] Port MEM_DIN2[3] in module MemoryWrapper is either unconnected or has no load
WARNING: [Synth 8-7129] Port MEM_DIN2[2] in module MemoryWrapper is either unconnected or has no load
INFO: [Common 17-14] Message 'Synth 8-7129' appears 100 times and further instances of the messages will be disabled. Use the Tcl command set_msg_config to change the current settings.
---------------------------------------------------------------------------------
Finished Synthesize : Time (s): cpu = 00:00:04 ; elapsed = 00:00:05 . Memory (MB): peak = 954.121 ; gain = 538.070
---------------------------------------------------------------------------------
---------------------------------------------------------------------------------
Finished Constraint Validation : Time (s): cpu = 00:00:04 ; elapsed = 00:00:05 . Memory (MB): peak = 954.121 ; gain = 538.070
---------------------------------------------------------------------------------
---------------------------------------------------------------------------------
Start Loading Part and Timing Information
---------------------------------------------------------------------------------
Loading part: xc7k70tfbv676-1
---------------------------------------------------------------------------------
Finished Loading Part and Timing Information : Time (s): cpu = 00:00:04 ; elapsed = 00:00:05 . Memory (MB): peak = 954.121 ; gain = 538.070
---------------------------------------------------------------------------------
INFO: [Device 21-403] Loading part xc7k70tfbv676-1
INFO: [Synth 8-802] inferred FSM for state register 'PS_reg' in module 'Cache_FSM'
---------------------------------------------------------------------------------------------------
                   State |                     New Encoding |                Previous Encoding 
---------------------------------------------------------------------------------------------------
              st_checkL1 |                               00 |                               00
           st_fill_dirty |                               01 |                               01
        st_load_write_MM |                               10 |                               10
          st_write_cache |                               11 |                               11
---------------------------------------------------------------------------------------------------
INFO: [Synth 8-3354] encoded FSM with state register 'PS_reg' using encoding 'sequential' in module 'Cache_FSM'
INFO: [Synth 8-7030] Implemented Non-Cascaded Block Ram (cascade_height = 1) of width 32 for RAM "Memory:/memory_reg"
INFO: [Synth 8-7030] Implemented Non-Cascaded Block Ram (cascade_height = 1) of width 32 for RAM "Memory:/memory_reg"
INFO: [Synth 8-7030] Implemented Non-Cascaded Block Ram (cascade_height = 1) of width 32 for RAM "Memory:/memory_reg"
INFO: [Synth 8-7030] Implemented Non-Cascaded Block Ram (cascade_height = 1) of width 32 for RAM "Memory:/memory_reg"
INFO: [Synth 8-7030] Implemented Non-Cascaded Block Ram (cascade_height = 1) of width 32 for RAM "Memory:/memory_reg"
INFO: [Synth 8-7030] Implemented Non-Cascaded Block Ram (cascade_height = 1) of width 32 for RAM "Memory:/memory_reg"
INFO: [Synth 8-7030] Implemented Non-Cascaded Block Ram (cascade_height = 1) of width 32 for RAM "Memory:/memory_reg"
INFO: [Synth 8-7030] Implemented Non-Cascaded Block Ram (cascade_height = 1) of width 32 for RAM "Memory:/memory_reg"
INFO: [Synth 8-7030] Implemented Non-Cascaded Block Ram (cascade_height = 1) of width 32 for RAM "Memory:/memory_reg"
INFO: [Synth 8-7030] Implemented Non-Cascaded Block Ram (cascade_height = 1) of width 32 for RAM "Memory:/memory_reg"
INFO: [Synth 8-7030] Implemented Non-Cascaded Block Ram (cascade_height = 1) of width 32 for RAM "Memory:/memory_reg"
INFO: [Synth 8-7030] Implemented Non-Cascaded Block Ram (cascade_height = 1) of width 32 for RAM "Memory:/memory_reg"
INFO: [Synth 8-7030] Implemented Non-Cascaded Block Ram (cascade_height = 1) of width 32 for RAM "Memory:/memory_reg"
INFO: [Synth 8-7030] Implemented Non-Cascaded Block Ram (cascade_height = 1) of width 32 for RAM "Memory:/memory_reg"
INFO: [Synth 8-7030] Implemented Non-Cascaded Block Ram (cascade_height = 1) of width 32 for RAM "Memory:/memory_reg"
INFO: [Synth 8-7030] Implemented Non-Cascaded Block Ram (cascade_height = 1) of width 32 for RAM "Memory:/memory_reg"
---------------------------------------------------------------------------------
Finished RTL Optimization Phase 2 : Time (s): cpu = 00:00:06 ; elapsed = 00:00:07 . Memory (MB): peak = 954.406 ; gain = 538.355
---------------------------------------------------------------------------------
No constraint files found.
---------------------------------------------------------------------------------
Start RTL Component Statistics 
---------------------------------------------------------------------------------
Detailed RTL Component Info : 
+---Adders : 
	   2 Input   32 Bit       Adders := 4     
	   3 Input   32 Bit       Adders := 1     
	   2 Input    4 Bit       Adders := 1     
	   2 Input    2 Bit       Adders := 1     
+---XORs : 
	   2 Input     32 Bit         XORs := 1     
+---Registers : 
	              269 Bit    Registers := 8     
	               32 Bit    Registers := 19    
	                5 Bit    Registers := 2     
	                4 Bit    Registers := 2     
	                3 Bit    Registers := 1     
	                2 Bit    Registers := 3     
	                1 Bit    Registers := 11    
+---RAMs : 
	             512K Bit	(16384 X 32 bit)          RAMs := 1     
	             1024 Bit	(32 X 32 bit)          RAMs := 1     
	              128 Bit	(4 X 32 bit)          RAMs := 1     
+---Muxes : 
	   4 Input  269 Bit        Muxes := 24    
	   2 Input  269 Bit        Muxes := 32    
	   2 Input   32 Bit        Muxes := 72    
	   4 Input   32 Bit        Muxes := 5     
	   9 Input   32 Bit        Muxes := 2     
	  16 Input   32 Bit        Muxes := 1     
	   2 Input   14 Bit        Muxes := 1     
	   2 Input    9 Bit        Muxes := 16    
	   8 Input    4 Bit        Muxes := 2     
	  10 Input    4 Bit        Muxes := 1     
	  10 Input    3 Bit        Muxes := 1     
	   4 Input    2 Bit        Muxes := 1     
	   2 Input    2 Bit        Muxes := 8     
	  10 Input    2 Bit        Muxes := 1     
	   2 Input    1 Bit        Muxes := 66    
	   4 Input    1 Bit        Muxes := 7     
	   9 Input    1 Bit        Muxes := 1     
	  10 Input    1 Bit        Muxes := 7     
	   6 Input    1 Bit        Muxes := 1     
---------------------------------------------------------------------------------
Finished RTL Component Statistics 
---------------------------------------------------------------------------------
---------------------------------------------------------------------------------
Start Part Resource Summary
---------------------------------------------------------------------------------
Part Resources:
DSPs: 240 (col length:80)
BRAMs: 270 (col length: RAMB18 80 RAMB36 40)
---------------------------------------------------------------------------------
Finished Part Resource Summary
---------------------------------------------------------------------------------
No constraint files found.
---------------------------------------------------------------------------------
Start Cross Boundary and Area Optimization
---------------------------------------------------------------------------------
WARNING: [Synth 8-7080] Parallel synthesis criteria is not met
INFO: [Synth 8-7030] Implemented Non-Cascaded Block Ram (cascade_height = 1) of width 32 for RAM "OTTER_MCU/OTTER_MEMORY/OTTER_MEMORY/memory_reg"
INFO: [Synth 8-7030] Implemented Non-Cascaded Block Ram (cascade_height = 1) of width 32 for RAM "OTTER_MCU/OTTER_MEMORY/OTTER_MEMORY/memory_reg"
INFO: [Synth 8-7030] Implemented Non-Cascaded Block Ram (cascade_height = 1) of width 32 for RAM "OTTER_MCU/OTTER_MEMORY/OTTER_MEMORY/memory_reg"
INFO: [Synth 8-7030] Implemented Non-Cascaded Block Ram (cascade_height = 1) of width 32 for RAM "OTTER_MCU/OTTER_MEMORY/OTTER_MEMORY/memory_reg"
INFO: [Synth 8-7030] Implemented Non-Cascaded Block Ram (cascade_height = 1) of width 32 for RAM "OTTER_MCU/OTTER_MEMORY/OTTER_MEMORY/memory_reg"
INFO: [Synth 8-7030] Implemented Non-Cascaded Block Ram (cascade_height = 1) of width 32 for RAM "OTTER_MCU/OTTER_MEMORY/OTTER_MEMORY/memory_reg"
INFO: [Synth 8-7030] Implemented Non-Cascaded Block Ram (cascade_height = 1) of width 32 for RAM "OTTER_MCU/OTTER_MEMORY/OTTER_MEMORY/memory_reg"
INFO: [Synth 8-7030] Implemented Non-Cascaded Block Ram (cascade_height = 1) of width 32 for RAM "OTTER_MCU/OTTER_MEMORY/OTTER_MEMORY/memory_reg"
INFO: [Synth 8-7030] Implemented Non-Cascaded Block Ram (cascade_height = 1) of width 32 for RAM "OTTER_MCU/OTTER_MEMORY/OTTER_MEMORY/memory_reg"
INFO: [Synth 8-7030] Implemented Non-Cascaded Block Ram (cascade_height = 1) of width 32 for RAM "OTTER_MCU/OTTER_MEMORY/OTTER_MEMORY/memory_reg"
INFO: [Synth 8-7030] Implemented Non-Cascaded Block Ram (cascade_height = 1) of width 32 for RAM "OTTER_MCU/OTTER_MEMORY/OTTER_MEMORY/memory_reg"
INFO: [Synth 8-7030] Implemented Non-Cascaded Block Ram (cascade_height = 1) of width 32 for RAM "OTTER_MCU/OTTER_MEMORY/OTTER_MEMORY/memory_reg"
INFO: [Synth 8-7030] Implemented Non-Cascaded Block Ram (cascade_height = 1) of width 32 for RAM "OTTER_MCU/OTTER_MEMORY/OTTER_MEMORY/memory_reg"
INFO: [Synth 8-7030] Implemented Non-Cascaded Block Ram (cascade_height = 1) of width 32 for RAM "OTTER_MCU/OTTER_MEMORY/OTTER_MEMORY/memory_reg"
INFO: [Synth 8-7030] Implemented Non-Cascaded Block Ram (cascade_height = 1) of width 32 for RAM "OTTER_MCU/OTTER_MEMORY/OTTER_MEMORY/memory_reg"
INFO: [Synth 8-7030] Implemented Non-Cascaded Block Ram (cascade_height = 1) of width 32 for RAM "OTTER_MCU/OTTER_MEMORY/OTTER_MEMORY/memory_reg"
---------------------------------------------------------------------------------
Finished Cross Boundary and Area Optimization : Time (s): cpu = 00:00:18 ; elapsed = 00:00:20 . Memory (MB): peak = 1268.547 ; gain = 852.496
---------------------------------------------------------------------------------
---------------------------------------------------------------------------------
Start ROM, RAM, DSP, Shift Register and Retiming Reporting
---------------------------------------------------------------------------------

Block RAM: Preliminary Mapping Report (see note below)
+------------+--------------------------------------+------------------------+---+---+------------------------+---+---+------------------+--------+--------+
|Module Name | RTL Object                           | PORT A (Depth x Width) | W | R | PORT B (Depth x Width) | W | R | Ports driving FF | RAMB18 | RAMB36 | 
+------------+--------------------------------------+------------------------+---+---+------------------------+---+---+------------------+--------+--------+
|OTTER_MCU   | OTTER_MEMORY/OTTER_MEMORY/memory_reg | 16 K x 32(READ_FIRST)  | W |   | 16 K x 32(WRITE_FIRST) |   | R | Port A and B     | 0      | 16     | 
+------------+--------------------------------------+------------------------+---+---+------------------------+---+---+------------------+--------+--------+

Note: The table above is a preliminary report that shows the Block RAMs at the current stage of the synthesis flow. Some Block RAMs may be reimplemented as non Block RAM primitives later in the synthesis flow. Multiple instantiated Block RAMs are reported only once. 

Distributed RAM: Preliminary Mapping Report (see note below)
+------------+----------------------------------------------+-----------+----------------------+----------------+
|Module Name | RTL Object                                   | Inference | Size (Depth x Width) | Primitives     | 
+------------+----------------------------------------------+-----------+----------------------+----------------+
|OTTER_MCU   | OTTER_MEMORY/CACHE_ADAPTER/memory_buffer_reg | Implied   | 4 x 32               | RAM16X1S x 32  | 
|OTTER_MCU   | OTTER_MEMORY/CACHE_ADAPTER/cache_buffer_reg  | Implied   | 4 x 32               | RAM16X1S x 32  | 
|OTTER_MCU   | OTTER_reg_file/reg_file_reg                  | Implied   | 32 x 32              | RAM32M x 12    | 
+------------+----------------------------------------------+-----------+----------------------+----------------+

Note: The table above is a preliminary report that shows the Distributed RAMs at the current stage of the synthesis flow. Some Distributed RAMs may be reimplemented as non Distributed RAM primitives later in the synthesis flow. Multiple instantiated RAMs are reported only once.
---------------------------------------------------------------------------------
Finished ROM, RAM, DSP, Shift Register and Retiming Reporting
---------------------------------------------------------------------------------
No constraint files found.
---------------------------------------------------------------------------------
Start Timing Optimization
---------------------------------------------------------------------------------
---------------------------------------------------------------------------------
Finished Timing Optimization : Time (s): cpu = 00:00:18 ; elapsed = 00:00:20 . Memory (MB): peak = 1268.547 ; gain = 852.496
---------------------------------------------------------------------------------
---------------------------------------------------------------------------------
Start ROM, RAM, DSP, Shift Register and Retiming Reporting
---------------------------------------------------------------------------------

Block RAM: Final Mapping Report
+------------+--------------------------------------+------------------------+---+---+------------------------+---+---+------------------+--------+--------+
|Module Name | RTL Object                           | PORT A (Depth x Width) | W | R | PORT B (Depth x Width) | W | R | Ports driving FF | RAMB18 | RAMB36 | 
+------------+--------------------------------------+------------------------+---+---+------------------------+---+---+------------------+--------+--------+
|OTTER_MCU   | OTTER_MEMORY/OTTER_MEMORY/memory_reg | 16 K x 32(READ_FIRST)  | W |   | 16 K x 32(WRITE_FIRST) |   | R | Port A and B     | 0      | 16     | 
+------------+--------------------------------------+------------------------+---+---+------------------------+---+---+------------------+--------+--------+


Distributed RAM: Final Mapping Report
+------------+----------------------------------------------+-----------+----------------------+----------------+
|Module Name | RTL Object                                   | Inference | Size (Depth x Width) | Primitives     | 
+------------+----------------------------------------------+-----------+----------------------+----------------+
|OTTER_MCU   | OTTER_MEMORY/CACHE_ADAPTER/memory_buffer_reg | Implied   | 4 x 32               | RAM16X1S x 32  | 
|OTTER_MCU   | OTTER_MEMORY/CACHE_ADAPTER/cache_buffer_reg  | Implied   | 4 x 32               | RAM16X1S x 32  | 
|OTTER_MCU   | OTTER_reg_file/reg_file_reg                  | Implied   | 32 x 32              | RAM32M x 12    | 
+------------+----------------------------------------------+-----------+----------------------+----------------+

---------------------------------------------------------------------------------
Finished ROM, RAM, DSP, Shift Register and Retiming Reporting
---------------------------------------------------------------------------------
---------------------------------------------------------------------------------
Start Technology Mapping
---------------------------------------------------------------------------------
INFO: [Synth 8-7052] The timing for the instance OTTER_MEMORY/OTTER_MEMORY/memory_reg_bram_0 (implemented as a Block RAM) might be sub-optimal as no optional output register could be merged into the ram block. Providing additional output register may help in improving timing.
INFO: [Synth 8-7052] The timing for the instance OTTER_MEMORY/OTTER_MEMORY/memory_reg_bram_1 (implemented as a Block RAM) might be sub-optimal as no optional output register could be merged into the ram block. Providing additional output register may help in improving timing.
INFO: [Synth 8-7052] The timing for the instance OTTER_MEMORY/OTTER_MEMORY/memory_reg_bram_2 (implemented as a Block RAM) might be sub-optimal as no optional output register could be merged into the ram block. Providing additional output register may help in improving timing.
INFO: [Synth 8-7052] The timing for the instance OTTER_MEMORY/OTTER_MEMORY/memory_reg_bram_3 (implemented as a Block RAM) might be sub-optimal as no optional output register could be merged into the ram block. Providing additional output register may help in improving timing.
INFO: [Synth 8-7052] The timing for the instance OTTER_MEMORY/OTTER_MEMORY/memory_reg_bram_4 (implemented as a Block RAM) might be sub-optimal as no optional output register could be merged into the ram block. Providing additional output register may help in improving timing.
INFO: [Synth 8-7052] The timing for the instance OTTER_MEMORY/OTTER_MEMORY/memory_reg_bram_5 (implemented as a Block RAM) might be sub-optimal as no optional output register could be merged into the ram block. Providing additional output register may help in improving timing.
INFO: [Synth 8-7052] The timing for the instance OTTER_MEMORY/OTTER_MEMORY/memory_reg_bram_6 (implemented as a Block RAM) might be sub-optimal as no optional output register could be merged into the ram block. Providing additional output register may help in improving timing.
INFO: [Synth 8-7052] The timing for the instance OTTER_MEMORY/OTTER_MEMORY/memory_reg_bram_7 (implemented as a Block RAM) might be sub-optimal as no optional output register could be merged into the ram block. Providing additional output register may help in improving timing.
INFO: [Synth 8-7052] The timing for the instance OTTER_MEMORY/OTTER_MEMORY/memory_reg_bram_8 (implemented as a Block RAM) might be sub-optimal as no optional output register could be merged into the ram block. Providing additional output register may help in improving timing.
INFO: [Synth 8-7052] The timing for the instance OTTER_MEMORY/OTTER_MEMORY/memory_reg_bram_9 (implemented as a Block RAM) might be sub-optimal as no optional output register could be merged into the ram block. Providing additional output register may help in improving timing.
INFO: [Synth 8-7052] The timing for the instance OTTER_MEMORY/OTTER_MEMORY/memory_reg_bram_10 (implemented as a Block RAM) might be sub-optimal as no optional output register could be merged into the ram block. Providing additional output register may help in improving timing.
INFO: [Synth 8-7052] The timing for the instance OTTER_MEMORY/OTTER_MEMORY/memory_reg_bram_11 (implemented as a Block RAM) might be sub-optimal as no optional output register could be merged into the ram block. Providing additional output register may help in improving timing.
INFO: [Synth 8-7052] The timing for the instance OTTER_MEMORY/OTTER_MEMORY/memory_reg_bram_12 (implemented as a Block RAM) might be sub-optimal as no optional output register could be merged into the ram block. Providing additional output register may help in improving timing.
INFO: [Synth 8-7052] The timing for the instance OTTER_MEMORY/OTTER_MEMORY/memory_reg_bram_13 (implemented as a Block RAM) might be sub-optimal as no optional output register could be merged into the ram block. Providing additional output register may help in improving timing.
INFO: [Synth 8-7052] The timing for the instance OTTER_MEMORY/OTTER_MEMORY/memory_reg_bram_14 (implemented as a Block RAM) might be sub-optimal as no optional output register could be merged into the ram block. Providing additional output register may help in improving timing.
INFO: [Synth 8-7052] The timing for the instance OTTER_MEMORY/OTTER_MEMORY/memory_reg_bram_15 (implemented as a Block RAM) might be sub-optimal as no optional output register could be merged into the ram block. Providing additional output register may help in improving timing.
---------------------------------------------------------------------------------
Finished Technology Mapping : Time (s): cpu = 00:00:18 ; elapsed = 00:00:21 . Memory (MB): peak = 1268.547 ; gain = 852.496
---------------------------------------------------------------------------------
---------------------------------------------------------------------------------
Start IO Insertion
---------------------------------------------------------------------------------
---------------------------------------------------------------------------------
Start Flattening Before IO Insertion
---------------------------------------------------------------------------------
---------------------------------------------------------------------------------
Finished Flattening Before IO Insertion
---------------------------------------------------------------------------------
---------------------------------------------------------------------------------
Start Final Netlist Cleanup
---------------------------------------------------------------------------------
---------------------------------------------------------------------------------
Finished Final Netlist Cleanup
---------------------------------------------------------------------------------
---------------------------------------------------------------------------------
Finished IO Insertion : Time (s): cpu = 00:00:21 ; elapsed = 00:00:23 . Memory (MB): peak = 1268.547 ; gain = 852.496
---------------------------------------------------------------------------------
---------------------------------------------------------------------------------
Start Renaming Generated Instances
---------------------------------------------------------------------------------
---------------------------------------------------------------------------------
Finished Renaming Generated Instances : Time (s): cpu = 00:00:21 ; elapsed = 00:00:23 . Memory (MB): peak = 1268.547 ; gain = 852.496
---------------------------------------------------------------------------------
CRITICAL WARNING: [Synth 8-6859] multi-driven net on pin RESET_IBUF with 1st driver pin 'RESET_IBUF_inst/O' [Z:/schoolfiles/school_files/cpe333/lab5_cache/OtterPipelineFiles/otter_mcu/otter_mcu_pipeline.sv:23]
CRITICAL WARNING: [Synth 8-6859] multi-driven net on pin RESET_IBUF with 2nd driver pin 'FSM_sequential_PS[1]_i_1/O' [Z:/schoolfiles/school_files/cpe333/lab5_cache/OtterPipelineFiles/otter_mcu/Branch_cond_gen.sv:50]

Report Check Netlist: 
+------+------------------+-------+---------+-------+------------------+
|      |Item              |Errors |Warnings |Status |Description       |
+------+------------------+-------+---------+-------+------------------+
|1     |multi_driven_nets |      0|        1|Failed |Multi driven nets |
+------+------------------+-------+---------+-------+------------------+
---------------------------------------------------------------------------------
Start Rebuilding User Hierarchy
---------------------------------------------------------------------------------
---------------------------------------------------------------------------------
Finished Rebuilding User Hierarchy : Time (s): cpu = 00:00:21 ; elapsed = 00:00:24 . Memory (MB): peak = 1268.547 ; gain = 852.496
---------------------------------------------------------------------------------
---------------------------------------------------------------------------------
Start Renaming Generated Ports
---------------------------------------------------------------------------------
---------------------------------------------------------------------------------
Finished Renaming Generated Ports : Time (s): cpu = 00:00:21 ; elapsed = 00:00:24 . Memory (MB): peak = 1268.547 ; gain = 852.496
---------------------------------------------------------------------------------
---------------------------------------------------------------------------------
Start Handling Custom Attributes
---------------------------------------------------------------------------------
---------------------------------------------------------------------------------
Finished Handling Custom Attributes : Time (s): cpu = 00:00:21 ; elapsed = 00:00:24 . Memory (MB): peak = 1268.547 ; gain = 852.496
---------------------------------------------------------------------------------
---------------------------------------------------------------------------------
Start Renaming Generated Nets
---------------------------------------------------------------------------------
---------------------------------------------------------------------------------
Finished Renaming Generated Nets : Time (s): cpu = 00:00:21 ; elapsed = 00:00:24 . Memory (MB): peak = 1268.547 ; gain = 852.496
---------------------------------------------------------------------------------
---------------------------------------------------------------------------------
Start Writing Synthesis Report
---------------------------------------------------------------------------------

Report BlackBoxes: 
+-+--------------+----------+
| |BlackBox name |Instances |
+-+--------------+----------+
+-+--------------+----------+

Report Cell Usage: 
+------+---------+------+
|      |Cell     |Count |
+------+---------+------+
|1     |BUFG     |     2|
|2     |CARRY4   |    56|
|3     |LUT1     |    89|
|4     |LUT2     |   120|
|5     |LUT3     |   198|
|6     |LUT4     |   252|
|7     |LUT5     |   254|
|8     |LUT6     |  1170|
|9     |MUXF7    |   344|
|10    |RAM16X1S |    64|
|11    |RAM32M   |    10|
|12    |RAM32X1D |     4|
|13    |RAMB36E1 |    16|
|14    |FDRE     |  2645|
|15    |IBUF     |     2|
|16    |OBUF     |    64|
|17    |OBUFT    |     1|
+------+---------+------+

Report Instance Areas: 
+------+---------------------+------------------------------+------+
|      |Instance             |Module                        |Cells |
+------+---------------------+------------------------------+------+
|1     |top                  |                              |  5291|
|2     |  OTTER_ALU          |ALU                           |    24|
|3     |  OTTER_MEMORY       |MemoryWrapper                 |  3566|
|4     |    CACHE_ADAPTER    |cache_adapter                 |   101|
|5     |    CACHE_FSM        |Cache_FSM                     |   171|
|6     |    IM_L1            |instr_cache                   |  3041|
|7     |    MM_DIV           |clk_2n_div_test               |     9|
|8     |    OTTER_MEMORY     |Memory                        |   244|
|9     |  OTTER_reg_file     |RegFile                       |    14|
|10    |  Program_Counter    |reg_nb                        |    73|
|11    |  branch_conditional |branch_cond_gen               |    11|
|12    |  pipeline_reg_D_E   |Pipeline_reg_decode_execute   |  1053|
|13    |  pipeline_reg_E_M   |Pipeline_reg_execute_memory   |   197|
|14    |  pipeline_reg_F_D   |Pipeline_reg_fetch_decode     |   145|
|15    |  pipeline_reg_M_W   |Pipeline_reg_memory_writeback |   138|
+------+---------------------+------------------------------+------+
---------------------------------------------------------------------------------
Finished Writing Synthesis Report : Time (s): cpu = 00:00:21 ; elapsed = 00:00:24 . Memory (MB): peak = 1268.547 ; gain = 852.496
---------------------------------------------------------------------------------
Synthesis finished with 0 errors, 2 critical warnings and 281 warnings.
Synthesis Optimization Runtime : Time (s): cpu = 00:00:21 ; elapsed = 00:00:24 . Memory (MB): peak = 1268.547 ; gain = 852.496
Synthesis Optimization Complete : Time (s): cpu = 00:00:21 ; elapsed = 00:00:24 . Memory (MB): peak = 1268.547 ; gain = 852.496
INFO: [Project 1-571] Translating synthesized netlist
Netlist sorting complete. Time (s): cpu = 00:00:00 ; elapsed = 00:00:00.050 . Memory (MB): peak = 1268.547 ; gain = 0.000
INFO: [Netlist 29-17] Analyzing 494 Unisim elements for replacement
INFO: [Netlist 29-28] Unisim Transformation completed in 0 CPU seconds
INFO: [Project 1-570] Preparing netlist for logic optimization
INFO: [Opt 31-138] Pushed 1 inverter(s) to 78 load pin(s).
Netlist sorting complete. Time (s): cpu = 00:00:00 ; elapsed = 00:00:00.001 . Memory (MB): peak = 1268.547 ; gain = 0.000
INFO: [Project 1-111] Unisim Transformation Summary:
  A total of 78 instances were transformed.
  RAM16X1S => RAM32X1S (inverted pins: WCLK) (RAMS32): 64 instances
  RAM32M => RAM32M (inverted pins: WCLK) (RAMD32(x6), RAMS32(x2)): 10 instances
  RAM32X1D => RAM32X1D (inverted pins: WCLK) (RAMD32(x2)): 4 instances

Synth Design complete, checksum: e9d0b386
INFO: [Common 17-83] Releasing license: Synthesis
116 Infos, 105 Warnings, 2 Critical Warnings and 0 Errors encountered.
synth_design completed successfully
synth_design: Time (s): cpu = 00:00:23 ; elapsed = 00:00:25 . Memory (MB): peak = 1268.547 ; gain = 859.074
INFO: [runtcl-6] Synthesis results are not added to the cache due to CRITICAL_WARNING
INFO: [Common 17-1381] The checkpoint 'Z:/schoolfiles/school_files/cpe333/lab5_cache/cache_vivado1/cache_vivado.runs/synth_1/OTTER_MCU.dcp' has been generated.
INFO: [runtcl-4] Executing : report_utilization -file OTTER_MCU_utilization_synth.rpt -pb OTTER_MCU_utilization_synth.pb
INFO: [Common 17-206] Exiting Vivado at Thu Nov 30 19:50:41 2023...
