INFO: [VRFC 10-2263] Analyzing SystemVerilog file "Z:/schoolfiles/school_files/cpe333/lab4_pipeline_hazards/OtterPipelineFiles/otter_mcu/Branch_cond_gen.sv" into library xil_defaultlib
INFO: [VRFC 10-311] analyzing module branch_cond_gen
INFO: [VRFC 10-2263] Analyzing SystemVerilog file "Z:/schoolfiles/school_files/cpe333/lab4_pipeline_hazards/OtterPipelineFiles/otter_mcu/Decoder.sv" into library xil_defaultlib
INFO: [VRFC 10-311] analyzing module Decoder
INFO: [VRFC 10-2263] Analyzing SystemVerilog file "Z:/schoolfiles/school_files/cpe333/lab4_pipeline_hazards/OtterPipelineFiles/otter_mcu/Pipeline_reg_decode_execute.sv" into library xil_defaultlib
INFO: [VRFC 10-311] analyzing module Pipeline_reg_decode_execute
INFO: [VRFC 10-2263] Analyzing SystemVerilog file "Z:/schoolfiles/school_files/cpe333/lab4_pipeline_hazards/OtterPipelineFiles/otter_mcu/Pipeline_reg_execute_memory.sv" into library xil_defaultlib
INFO: [VRFC 10-311] analyzing module Pipeline_reg_execute_memory
INFO: [VRFC 10-2263] Analyzing SystemVerilog file "Z:/schoolfiles/school_files/cpe333/lab4_pipeline_hazards/OtterPipelineFiles/otter_mcu/Pipeline_reg_memory_writeback.sv" into library xil_defaultlib
INFO: [VRFC 10-311] analyzing module Pipeline_reg_memory_writeback
INFO: [VRFC 10-2263] Analyzing SystemVerilog file "Z:/schoolfiles/school_files/cpe333/lab4_pipeline_hazards/OtterPipelineFiles/otter_mcu/alu.sv" into library xil_defaultlib
INFO: [VRFC 10-311] analyzing module ALU
INFO: [VRFC 10-2263] Analyzing SystemVerilog file "Z:/schoolfiles/school_files/cpe333/lab4_pipeline_hazards/OtterPipelineFiles/otter_mcu/hazard.sv" into library xil_defaultlib
INFO: [VRFC 10-311] analyzing module Hazard_Unit
INFO: [VRFC 10-2263] Analyzing SystemVerilog file "Z:/schoolfiles/school_files/cpe333/lab4_pipeline_hazards/OtterPipelineFiles/otter_mcu/immed_gen.sv" into library xil_defaultlib
INFO: [VRFC 10-311] analyzing module immed_gen
INFO: [VRFC 10-2263] Analyzing SystemVerilog file "Z:/schoolfiles/school_files/cpe333/lab4_pipeline_hazards/OtterPipelineFiles/otter_mcu/mux_2t1_nb.sv" into library xil_defaultlib
INFO: [VRFC 10-311] analyzing module mux_2t1_nb
INFO: [VRFC 10-2263] Analyzing SystemVerilog file "Z:/schoolfiles/school_files/cpe333/lab4_pipeline_hazards/OtterPipelineFiles/otter_mcu/mux_4t1_nb.sv" into library xil_defaultlib
INFO: [VRFC 10-311] analyzing module mux_4t1_nb
INFO: [VRFC 10-2263] Analyzing SystemVerilog file "Z:/schoolfiles/school_files/cpe333/lab4_pipeline_hazards/OtterPipelineFiles/otter_mcu/otter_mcu_pipeline.sv" into library xil_defaultlib
INFO: [VRFC 10-311] analyzing module OTTER_MCU
WARNING: [VRFC 10-2938] 'PC_target_addr_E' is already implicitly declared on line 42 [Z:/schoolfiles/school_files/cpe333/lab4_pipeline_hazards/OtterPipelineFiles/otter_mcu/otter_mcu_pipeline.sv:136]
WARNING: [VRFC 10-2938] 'pcSource_E' is already implicitly declared on line 40 [Z:/schoolfiles/school_files/cpe333/lab4_pipeline_hazards/OtterPipelineFiles/otter_mcu/otter_mcu_pipeline.sv:137]
WARNING: [VRFC 10-2938] 'ALU_forward_muxA' is already implicitly declared on line 176 [Z:/schoolfiles/school_files/cpe333/lab4_pipeline_hazards/OtterPipelineFiles/otter_mcu/otter_mcu_pipeline.sv:182]
WARNING: [VRFC 10-2938] 'memWrite_M' is already implicitly declared on line 58 [Z:/schoolfiles/school_files/cpe333/lab4_pipeline_hazards/OtterPipelineFiles/otter_mcu/otter_mcu_pipeline.sv:231]
WARNING: [VRFC 10-2938] 'ALU_result_M' is already implicitly declared on line 60 [Z:/schoolfiles/school_files/cpe333/lab4_pipeline_hazards/OtterPipelineFiles/otter_mcu/otter_mcu_pipeline.sv:235]
WARNING: [VRFC 10-2938] 'memRead_data_M' is already implicitly declared on line 67 [Z:/schoolfiles/school_files/cpe333/lab4_pipeline_hazards/OtterPipelineFiles/otter_mcu/otter_mcu_pipeline.sv:238]
WARNING: [VRFC 10-2938] 'regWrite_W' is already implicitly declared on line 112 [Z:/schoolfiles/school_files/cpe333/lab4_pipeline_hazards/OtterPipelineFiles/otter_mcu/otter_mcu_pipeline.sv:268]
WARNING: [VRFC 10-2938] 'rd_W' is already implicitly declared on line 115 [Z:/schoolfiles/school_files/cpe333/lab4_pipeline_hazards/OtterPipelineFiles/otter_mcu/otter_mcu_pipeline.sv:270]
WARNING: [VRFC 10-2938] 'rf_write_data_W' is already implicitly declared on line 110 [Z:/schoolfiles/school_files/cpe333/lab4_pipeline_hazards/OtterPipelineFiles/otter_mcu/otter_mcu_pipeline.sv:271]
WARNING: [VRFC 10-2938] 'forwardA_E' is already implicitly declared on line 184 [Z:/schoolfiles/school_files/cpe333/lab4_pipeline_hazards/OtterPipelineFiles/otter_mcu/otter_mcu_pipeline.sv:302]
WARNING: [VRFC 10-2938] 'stall_F' is already implicitly declared on line 48 [Z:/schoolfiles/school_files/cpe333/lab4_pipeline_hazards/OtterPipelineFiles/otter_mcu/otter_mcu_pipeline.sv:303]
INFO: [VRFC 10-2263] Analyzing SystemVerilog file "Z:/schoolfiles/school_files/cpe333/lab4_pipeline_hazards/OtterPipelineFiles/otter_mcu/otter_memory.sv" into library xil_defaultlib
INFO: [VRFC 10-311] analyzing module Memory
INFO: [VRFC 10-2263] Analyzing SystemVerilog file "Z:/schoolfiles/school_files/cpe333/lab4_pipeline_hazards/OtterPipelineFiles/otter_mcu/pipeline_reg_fetch_decode.sv" into library xil_defaultlib
INFO: [VRFC 10-311] analyzing module Pipeline_reg_fetch_decode
INFO: [VRFC 10-2263] Analyzing SystemVerilog file "Z:/schoolfiles/school_files/cpe333/lab4_pipeline_hazards/OtterPipelineFiles/otter_mcu/reg_file.sv" into library xil_defaultlib
INFO: [VRFC 10-311] analyzing module RegFile
INFO: [VRFC 10-2263] Analyzing SystemVerilog file "Z:/schoolfiles/school_files/cpe333/lab4_pipeline_hazards/OtterPipelineFiles/otter_mcu/register_nb.sv" into library xil_defaultlib
INFO: [VRFC 10-311] analyzing module reg_nb
INFO: [VRFC 10-2263] Analyzing SystemVerilog file "Z:/schoolfiles/school_files/cpe333/lab4_pipeline_hazards/OtterPipelineFiles/test_pipeline.sv" into library xil_defaultlib
INFO: [VRFC 10-311] analyzing module test_pipeline
