Copyright 1986-2020 Xilinx, Inc. All Rights Reserved.
--------------------------------------------------------------------------------------------------------------------------------------------------------------------------------------------------
| Tool Version : Vivado v.2020.2 (win64) Build 3064766 Wed Nov 18 09:12:45 MST 2020
| Date         : Mon Oct  2 23:11:53 2023
| Host         : RaijinPC running 64-bit major release  (build 9200)
| Command      : report_timing_summary -max_paths 10 -file OTTER_MCU_timing_summary_routed.rpt -pb OTTER_MCU_timing_summary_routed.pb -rpx OTTER_MCU_timing_summary_routed.rpx -warn_on_violation
| Design       : OTTER_MCU
| Device       : 7a35t-cpg236
| Speed File   : -1  PRODUCTION 1.23 2018-06-13
--------------------------------------------------------------------------------------------------------------------------------------------------------------------------------------------------

Timing Summary Report

------------------------------------------------------------------------------------------------
| Timer Settings
| --------------
------------------------------------------------------------------------------------------------

  Enable Multi Corner Analysis               :  Yes
  Enable Pessimism Removal                   :  Yes
  Pessimism Removal Resolution               :  Nearest Common Node
  Enable Input Delay Default Clock           :  No
  Enable Preset / Clear Arcs                 :  No
  Disable Flight Delays                      :  No
  Ignore I/O Paths                           :  No
  Timing Early Launch at Borrowing Latches   :  No
  Borrow Time for Max Delay Exceptions       :  Yes
  Merge Timing Exceptions                    :  Yes

  Corner  Analyze    Analyze    
  Name    Max Paths  Min Paths  
  ------  ---------  ---------  
  Slow    Yes        Yes        
  Fast    Yes        Yes        



check_timing report

Table of Contents
-----------------
1. checking no_clock (949)
2. checking constant_clock (0)
3. checking pulse_width_clock (0)
4. checking unconstrained_internal_endpoints (2067)
5. checking no_input_delay (34)
6. checking no_output_delay (65)
7. checking multiple_clock (0)
8. checking generated_clocks (0)
9. checking loops (0)
10. checking partial_input_delay (0)
11. checking partial_output_delay (0)
12. checking latch_loops (0)

1. checking no_clock (949)
--------------------------
 There are 334 register/latch pins with no clock driven by root clock pin: clk (HIGH)

 There are 5 register/latch pins with no clock driven by root clock pin: intr (HIGH)

 There are 5 register/latch pins with no clock driven by root clock pin: OTTER_MEMORY/memory_reg_bram_10/DOBDO[0] (HIGH)

 There are 5 register/latch pins with no clock driven by root clock pin: OTTER_MEMORY/memory_reg_bram_10/DOBDO[1] (HIGH)

 There are 5 register/latch pins with no clock driven by root clock pin: OTTER_MEMORY/memory_reg_bram_10/DOBDO[2] (HIGH)

 There are 5 register/latch pins with no clock driven by root clock pin: OTTER_MEMORY/memory_reg_bram_10/DOBDO[3] (HIGH)

 There are 5 register/latch pins with no clock driven by root clock pin: OTTER_MEMORY/memory_reg_bram_10/DOBDO[4] (HIGH)

 There are 5 register/latch pins with no clock driven by root clock pin: OTTER_MEMORY/memory_reg_bram_10/DOBDO[5] (HIGH)

 There are 5 register/latch pins with no clock driven by root clock pin: OTTER_MEMORY/memory_reg_bram_10/DOBDO[6] (HIGH)

 There are 5 register/latch pins with no clock driven by root clock pin: OTTER_MEMORY/memory_reg_bram_11/DOBDO[0] (HIGH)

 There are 5 register/latch pins with no clock driven by root clock pin: OTTER_MEMORY/memory_reg_bram_11/DOBDO[1] (HIGH)

 There are 5 register/latch pins with no clock driven by root clock pin: OTTER_MEMORY/memory_reg_bram_11/DOBDO[2] (HIGH)

 There are 5 register/latch pins with no clock driven by root clock pin: OTTER_MEMORY/memory_reg_bram_11/DOBDO[3] (HIGH)

 There are 5 register/latch pins with no clock driven by root clock pin: OTTER_MEMORY/memory_reg_bram_11/DOBDO[4] (HIGH)

 There are 5 register/latch pins with no clock driven by root clock pin: OTTER_MEMORY/memory_reg_bram_11/DOBDO[5] (HIGH)

 There are 5 register/latch pins with no clock driven by root clock pin: OTTER_MEMORY/memory_reg_bram_11/DOBDO[6] (HIGH)

 There are 5 register/latch pins with no clock driven by root clock pin: OTTER_MEMORY/memory_reg_bram_12/DOBDO[0] (HIGH)

 There are 5 register/latch pins with no clock driven by root clock pin: OTTER_MEMORY/memory_reg_bram_12/DOBDO[1] (HIGH)

 There are 5 register/latch pins with no clock driven by root clock pin: OTTER_MEMORY/memory_reg_bram_12/DOBDO[2] (HIGH)

 There are 5 register/latch pins with no clock driven by root clock pin: OTTER_MEMORY/memory_reg_bram_12/DOBDO[3] (HIGH)

 There are 5 register/latch pins with no clock driven by root clock pin: OTTER_MEMORY/memory_reg_bram_12/DOBDO[4] (HIGH)

 There are 5 register/latch pins with no clock driven by root clock pin: OTTER_MEMORY/memory_reg_bram_12/DOBDO[5] (HIGH)

 There are 5 register/latch pins with no clock driven by root clock pin: OTTER_MEMORY/memory_reg_bram_12/DOBDO[6] (HIGH)

 There are 5 register/latch pins with no clock driven by root clock pin: OTTER_MEMORY/memory_reg_bram_13/DOBDO[0] (HIGH)

 There are 5 register/latch pins with no clock driven by root clock pin: OTTER_MEMORY/memory_reg_bram_13/DOBDO[1] (HIGH)

 There are 5 register/latch pins with no clock driven by root clock pin: OTTER_MEMORY/memory_reg_bram_13/DOBDO[2] (HIGH)

 There are 5 register/latch pins with no clock driven by root clock pin: OTTER_MEMORY/memory_reg_bram_13/DOBDO[3] (HIGH)

 There are 5 register/latch pins with no clock driven by root clock pin: OTTER_MEMORY/memory_reg_bram_13/DOBDO[4] (HIGH)

 There are 5 register/latch pins with no clock driven by root clock pin: OTTER_MEMORY/memory_reg_bram_13/DOBDO[5] (HIGH)

 There are 5 register/latch pins with no clock driven by root clock pin: OTTER_MEMORY/memory_reg_bram_13/DOBDO[6] (HIGH)

 There are 5 register/latch pins with no clock driven by root clock pin: OTTER_MEMORY/memory_reg_bram_14/DOBDO[0] (HIGH)

 There are 5 register/latch pins with no clock driven by root clock pin: OTTER_MEMORY/memory_reg_bram_14/DOBDO[1] (HIGH)

 There are 5 register/latch pins with no clock driven by root clock pin: OTTER_MEMORY/memory_reg_bram_14/DOBDO[2] (HIGH)

 There are 5 register/latch pins with no clock driven by root clock pin: OTTER_MEMORY/memory_reg_bram_14/DOBDO[3] (HIGH)

 There are 5 register/latch pins with no clock driven by root clock pin: OTTER_MEMORY/memory_reg_bram_14/DOBDO[4] (HIGH)

 There are 5 register/latch pins with no clock driven by root clock pin: OTTER_MEMORY/memory_reg_bram_14/DOBDO[5] (HIGH)

 There are 5 register/latch pins with no clock driven by root clock pin: OTTER_MEMORY/memory_reg_bram_14/DOBDO[6] (HIGH)

 There are 5 register/latch pins with no clock driven by root clock pin: OTTER_MEMORY/memory_reg_bram_15/DOBDO[0] (HIGH)

 There are 5 register/latch pins with no clock driven by root clock pin: OTTER_MEMORY/memory_reg_bram_15/DOBDO[1] (HIGH)

 There are 5 register/latch pins with no clock driven by root clock pin: OTTER_MEMORY/memory_reg_bram_15/DOBDO[2] (HIGH)

 There are 5 register/latch pins with no clock driven by root clock pin: OTTER_MEMORY/memory_reg_bram_15/DOBDO[3] (HIGH)

 There are 5 register/latch pins with no clock driven by root clock pin: OTTER_MEMORY/memory_reg_bram_15/DOBDO[4] (HIGH)

 There are 5 register/latch pins with no clock driven by root clock pin: OTTER_MEMORY/memory_reg_bram_15/DOBDO[5] (HIGH)

 There are 5 register/latch pins with no clock driven by root clock pin: OTTER_MEMORY/memory_reg_bram_15/DOBDO[6] (HIGH)

 There are 5 register/latch pins with no clock driven by root clock pin: OTTER_MEMORY/memory_reg_bram_16/DOBDO[0] (HIGH)

 There are 5 register/latch pins with no clock driven by root clock pin: OTTER_MEMORY/memory_reg_bram_16/DOBDO[1] (HIGH)

 There are 5 register/latch pins with no clock driven by root clock pin: OTTER_MEMORY/memory_reg_bram_16/DOBDO[2] (HIGH)

 There are 5 register/latch pins with no clock driven by root clock pin: OTTER_MEMORY/memory_reg_bram_16/DOBDO[3] (HIGH)

 There are 5 register/latch pins with no clock driven by root clock pin: OTTER_MEMORY/memory_reg_bram_16/DOBDO[4] (HIGH)

 There are 5 register/latch pins with no clock driven by root clock pin: OTTER_MEMORY/memory_reg_bram_16/DOBDO[5] (HIGH)

 There are 5 register/latch pins with no clock driven by root clock pin: OTTER_MEMORY/memory_reg_bram_16/DOBDO[6] (HIGH)

 There are 5 register/latch pins with no clock driven by root clock pin: OTTER_MEMORY/memory_reg_bram_17/DOBDO[0] (HIGH)

 There are 5 register/latch pins with no clock driven by root clock pin: OTTER_MEMORY/memory_reg_bram_17/DOBDO[1] (HIGH)

 There are 5 register/latch pins with no clock driven by root clock pin: OTTER_MEMORY/memory_reg_bram_17/DOBDO[2] (HIGH)

 There are 5 register/latch pins with no clock driven by root clock pin: OTTER_MEMORY/memory_reg_bram_17/DOBDO[3] (HIGH)

 There are 5 register/latch pins with no clock driven by root clock pin: OTTER_MEMORY/memory_reg_bram_17/DOBDO[4] (HIGH)

 There are 5 register/latch pins with no clock driven by root clock pin: OTTER_MEMORY/memory_reg_bram_17/DOBDO[5] (HIGH)

 There are 5 register/latch pins with no clock driven by root clock pin: OTTER_MEMORY/memory_reg_bram_17/DOBDO[6] (HIGH)

 There are 5 register/latch pins with no clock driven by root clock pin: OTTER_MEMORY/memory_reg_bram_18/DOBDO[0] (HIGH)

 There are 5 register/latch pins with no clock driven by root clock pin: OTTER_MEMORY/memory_reg_bram_18/DOBDO[1] (HIGH)

 There are 5 register/latch pins with no clock driven by root clock pin: OTTER_MEMORY/memory_reg_bram_18/DOBDO[2] (HIGH)

 There are 5 register/latch pins with no clock driven by root clock pin: OTTER_MEMORY/memory_reg_bram_18/DOBDO[3] (HIGH)

 There are 5 register/latch pins with no clock driven by root clock pin: OTTER_MEMORY/memory_reg_bram_18/DOBDO[4] (HIGH)

 There are 5 register/latch pins with no clock driven by root clock pin: OTTER_MEMORY/memory_reg_bram_18/DOBDO[5] (HIGH)

 There are 5 register/latch pins with no clock driven by root clock pin: OTTER_MEMORY/memory_reg_bram_18/DOBDO[6] (HIGH)

 There are 5 register/latch pins with no clock driven by root clock pin: OTTER_MEMORY/memory_reg_bram_19/DOBDO[0] (HIGH)

 There are 5 register/latch pins with no clock driven by root clock pin: OTTER_MEMORY/memory_reg_bram_19/DOBDO[1] (HIGH)

 There are 5 register/latch pins with no clock driven by root clock pin: OTTER_MEMORY/memory_reg_bram_19/DOBDO[2] (HIGH)

 There are 5 register/latch pins with no clock driven by root clock pin: OTTER_MEMORY/memory_reg_bram_19/DOBDO[3] (HIGH)

 There are 5 register/latch pins with no clock driven by root clock pin: OTTER_MEMORY/memory_reg_bram_19/DOBDO[4] (HIGH)

 There are 5 register/latch pins with no clock driven by root clock pin: OTTER_MEMORY/memory_reg_bram_19/DOBDO[5] (HIGH)

 There are 5 register/latch pins with no clock driven by root clock pin: OTTER_MEMORY/memory_reg_bram_19/DOBDO[6] (HIGH)

 There are 5 register/latch pins with no clock driven by root clock pin: OTTER_MEMORY/memory_reg_bram_20/DOBDO[0] (HIGH)

 There are 5 register/latch pins with no clock driven by root clock pin: OTTER_MEMORY/memory_reg_bram_20/DOBDO[1] (HIGH)

 There are 5 register/latch pins with no clock driven by root clock pin: OTTER_MEMORY/memory_reg_bram_20/DOBDO[2] (HIGH)

 There are 5 register/latch pins with no clock driven by root clock pin: OTTER_MEMORY/memory_reg_bram_20/DOBDO[3] (HIGH)

 There are 5 register/latch pins with no clock driven by root clock pin: OTTER_MEMORY/memory_reg_bram_20/DOBDO[4] (HIGH)

 There are 5 register/latch pins with no clock driven by root clock pin: OTTER_MEMORY/memory_reg_bram_20/DOBDO[5] (HIGH)

 There are 5 register/latch pins with no clock driven by root clock pin: OTTER_MEMORY/memory_reg_bram_20/DOBDO[6] (HIGH)

 There are 5 register/latch pins with no clock driven by root clock pin: OTTER_MEMORY/memory_reg_bram_21/DOBDO[0] (HIGH)

 There are 5 register/latch pins with no clock driven by root clock pin: OTTER_MEMORY/memory_reg_bram_21/DOBDO[1] (HIGH)

 There are 5 register/latch pins with no clock driven by root clock pin: OTTER_MEMORY/memory_reg_bram_21/DOBDO[2] (HIGH)

 There are 5 register/latch pins with no clock driven by root clock pin: OTTER_MEMORY/memory_reg_bram_21/DOBDO[3] (HIGH)

 There are 5 register/latch pins with no clock driven by root clock pin: OTTER_MEMORY/memory_reg_bram_21/DOBDO[4] (HIGH)

 There are 5 register/latch pins with no clock driven by root clock pin: OTTER_MEMORY/memory_reg_bram_21/DOBDO[5] (HIGH)

 There are 5 register/latch pins with no clock driven by root clock pin: OTTER_MEMORY/memory_reg_bram_21/DOBDO[6] (HIGH)

 There are 5 register/latch pins with no clock driven by root clock pin: OTTER_MEMORY/memory_reg_bram_22/DOBDO[0] (HIGH)

 There are 5 register/latch pins with no clock driven by root clock pin: OTTER_MEMORY/memory_reg_bram_22/DOBDO[1] (HIGH)

 There are 5 register/latch pins with no clock driven by root clock pin: OTTER_MEMORY/memory_reg_bram_22/DOBDO[2] (HIGH)

 There are 5 register/latch pins with no clock driven by root clock pin: OTTER_MEMORY/memory_reg_bram_22/DOBDO[3] (HIGH)

 There are 5 register/latch pins with no clock driven by root clock pin: OTTER_MEMORY/memory_reg_bram_22/DOBDO[4] (HIGH)

 There are 5 register/latch pins with no clock driven by root clock pin: OTTER_MEMORY/memory_reg_bram_22/DOBDO[5] (HIGH)

 There are 5 register/latch pins with no clock driven by root clock pin: OTTER_MEMORY/memory_reg_bram_22/DOBDO[6] (HIGH)

 There are 5 register/latch pins with no clock driven by root clock pin: OTTER_MEMORY/memory_reg_bram_23/DOBDO[0] (HIGH)

 There are 5 register/latch pins with no clock driven by root clock pin: OTTER_MEMORY/memory_reg_bram_23/DOBDO[1] (HIGH)

 There are 5 register/latch pins with no clock driven by root clock pin: OTTER_MEMORY/memory_reg_bram_23/DOBDO[2] (HIGH)

 There are 5 register/latch pins with no clock driven by root clock pin: OTTER_MEMORY/memory_reg_bram_23/DOBDO[3] (HIGH)

 There are 5 register/latch pins with no clock driven by root clock pin: OTTER_MEMORY/memory_reg_bram_23/DOBDO[4] (HIGH)

 There are 5 register/latch pins with no clock driven by root clock pin: OTTER_MEMORY/memory_reg_bram_23/DOBDO[5] (HIGH)

 There are 5 register/latch pins with no clock driven by root clock pin: OTTER_MEMORY/memory_reg_bram_23/DOBDO[6] (HIGH)

 There are 5 register/latch pins with no clock driven by root clock pin: OTTER_MEMORY/memory_reg_bram_8/DOBDO[0] (HIGH)

 There are 5 register/latch pins with no clock driven by root clock pin: OTTER_MEMORY/memory_reg_bram_8/DOBDO[1] (HIGH)

 There are 5 register/latch pins with no clock driven by root clock pin: OTTER_MEMORY/memory_reg_bram_8/DOBDO[2] (HIGH)

 There are 5 register/latch pins with no clock driven by root clock pin: OTTER_MEMORY/memory_reg_bram_8/DOBDO[3] (HIGH)

 There are 5 register/latch pins with no clock driven by root clock pin: OTTER_MEMORY/memory_reg_bram_8/DOBDO[4] (HIGH)

 There are 5 register/latch pins with no clock driven by root clock pin: OTTER_MEMORY/memory_reg_bram_8/DOBDO[5] (HIGH)

 There are 5 register/latch pins with no clock driven by root clock pin: OTTER_MEMORY/memory_reg_bram_8/DOBDO[6] (HIGH)

 There are 5 register/latch pins with no clock driven by root clock pin: OTTER_MEMORY/memory_reg_bram_9/DOBDO[0] (HIGH)

 There are 5 register/latch pins with no clock driven by root clock pin: OTTER_MEMORY/memory_reg_bram_9/DOBDO[1] (HIGH)

 There are 5 register/latch pins with no clock driven by root clock pin: OTTER_MEMORY/memory_reg_bram_9/DOBDO[2] (HIGH)

 There are 5 register/latch pins with no clock driven by root clock pin: OTTER_MEMORY/memory_reg_bram_9/DOBDO[3] (HIGH)

 There are 5 register/latch pins with no clock driven by root clock pin: OTTER_MEMORY/memory_reg_bram_9/DOBDO[4] (HIGH)

 There are 5 register/latch pins with no clock driven by root clock pin: OTTER_MEMORY/memory_reg_bram_9/DOBDO[5] (HIGH)

 There are 5 register/latch pins with no clock driven by root clock pin: OTTER_MEMORY/memory_reg_bram_9/DOBDO[6] (HIGH)

 There are 5 register/latch pins with no clock driven by root clock pin: OTTER_MEMORY/memory_reg_mux_sel_reg_4/Q (HIGH)

 There are 5 register/latch pins with no clock driven by root clock pin: OTTER_MEMORY/memory_reg_mux_sel_reg_5/Q (HIGH)

 There are 5 register/latch pins with no clock driven by root clock pin: OTTER_MEMORY/memory_reg_mux_sel_reg_6/Q (HIGH)

 There are 5 register/latch pins with no clock driven by root clock pin: OTTER_MEMORY/memory_reg_mux_sel_reg_7/Q (HIGH)

 There are 5 register/latch pins with no clock driven by root clock pin: my_csr/CSR_MSTATUS_reg[3]/Q (HIGH)

 There are 5 register/latch pins with no clock driven by root clock pin: my_fsm/FSM_onehot_PS_reg[0]/Q (HIGH)

 There are 5 register/latch pins with no clock driven by root clock pin: my_fsm/FSM_onehot_PS_reg[1]/Q (HIGH)

 There are 5 register/latch pins with no clock driven by root clock pin: my_fsm/FSM_onehot_PS_reg[2]/Q (HIGH)

 There are 5 register/latch pins with no clock driven by root clock pin: my_fsm/FSM_onehot_PS_reg[3]/Q (HIGH)

 There are 5 register/latch pins with no clock driven by root clock pin: my_fsm/FSM_onehot_PS_reg[4]/Q (HIGH)


2. checking constant_clock (0)
------------------------------
 There are 0 register/latch pins with constant_clock.


3. checking pulse_width_clock (0)
---------------------------------
 There are 0 register/latch pins which need pulse_width check


4. checking unconstrained_internal_endpoints (2067)
---------------------------------------------------
 There are 2067 pins that are not constrained for maximum delay. (HIGH)

 There are 0 pins that are not constrained for maximum delay due to constant clock.


5. checking no_input_delay (34)
-------------------------------
 There are 34 input ports with no input delay specified. (HIGH)

 There are 0 input ports with no input delay but user has a false path constraint.


6. checking no_output_delay (65)
--------------------------------
 There are 65 ports with no output delay specified. (HIGH)

 There are 0 ports with no output delay but user has a false path constraint

 There are 0 ports with no output delay but with a timing clock defined on it or propagating through it


7. checking multiple_clock (0)
------------------------------
 There are 0 register/latch pins with multiple clocks.


8. checking generated_clocks (0)
--------------------------------
 There are 0 generated clocks that are not connected to a clock source.


9. checking loops (0)
---------------------
 There are 0 combinational loops in the design.


10. checking partial_input_delay (0)
------------------------------------
 There are 0 input ports with partial input delay specified.


11. checking partial_output_delay (0)
-------------------------------------
 There are 0 ports with partial output delay specified.


12. checking latch_loops (0)
----------------------------
 There are 0 combinational latch loops in the design through latch input



------------------------------------------------------------------------------------------------
| Design Timing Summary
| ---------------------
------------------------------------------------------------------------------------------------

    WNS(ns)      TNS(ns)  TNS Failing Endpoints  TNS Total Endpoints      WHS(ns)      THS(ns)  THS Failing Endpoints  THS Total Endpoints     WPWS(ns)     TPWS(ns)  TPWS Failing Endpoints  TPWS Total Endpoints  
    -------      -------  ---------------------  -------------------      -------      -------  ---------------------  -------------------     --------     --------  ----------------------  --------------------  
         NA           NA                     NA                   NA           NA           NA                     NA                   NA           NA           NA                      NA                    NA  


There are no user specified timing constraints.


------------------------------------------------------------------------------------------------
| Clock Summary
| -------------
------------------------------------------------------------------------------------------------


------------------------------------------------------------------------------------------------
| Intra Clock Table
| -----------------
------------------------------------------------------------------------------------------------

Clock             WNS(ns)      TNS(ns)  TNS Failing Endpoints  TNS Total Endpoints      WHS(ns)      THS(ns)  THS Failing Endpoints  THS Total Endpoints     WPWS(ns)     TPWS(ns)  TPWS Failing Endpoints  TPWS Total Endpoints  
-----             -------      -------  ---------------------  -------------------      -------      -------  ---------------------  -------------------     --------     --------  ----------------------  --------------------  


------------------------------------------------------------------------------------------------
| Inter Clock Table
| -----------------
------------------------------------------------------------------------------------------------

From Clock    To Clock          WNS(ns)      TNS(ns)  TNS Failing Endpoints  TNS Total Endpoints      WHS(ns)      THS(ns)  THS Failing Endpoints  THS Total Endpoints  
----------    --------          -------      -------  ---------------------  -------------------      -------      -------  ---------------------  -------------------  


------------------------------------------------------------------------------------------------
| Other Path Groups Table
| -----------------------
------------------------------------------------------------------------------------------------

Path Group    From Clock    To Clock          WNS(ns)      TNS(ns)  TNS Failing Endpoints  TNS Total Endpoints      WHS(ns)      THS(ns)  THS Failing Endpoints  THS Total Endpoints  
----------    ----------    --------          -------      -------  ---------------------  -------------------      -------      -------  ---------------------  -------------------  


------------------------------------------------------------------------------------------------
| Timing Details
| --------------
------------------------------------------------------------------------------------------------


